2024-10-06 15:18:44 [INFO]: Server running on port 3000
2024-10-06 15:18:44 [INFO]: MongoDB connected successfully
2024-10-06 15:19:15 [INFO]: Server running on port 3000
2024-10-06 15:19:16 [INFO]: MongoDB connected successfully
2024-10-06 15:19:45 [INFO]: Server running on port 3000
2024-10-06 15:19:46 [INFO]: MongoDB connected successfully
2024-10-06 15:20:10 [INFO]: Server running on port 3000
2024-10-06 15:20:11 [INFO]: MongoDB connected successfully
2024-10-06 15:20:16 [INFO]: Server running on port 3000
2024-10-06 15:20:16 [INFO]: MongoDB connected successfully
2024-10-06 15:20:31 [INFO]: Server running on port 3000
2024-10-06 15:20:31 [INFO]: MongoDB connected successfully
2024-10-06 15:20:34 [INFO]: Server running on port 3000
2024-10-06 15:20:34 [INFO]: MongoDB connected successfully
2024-10-06 15:20:46 [INFO]: Server running on port 3000
2024-10-06 15:20:46 [INFO]: MongoDB connected successfully
2024-10-06 15:21:04 [INFO]: Server running on port 3000
2024-10-06 15:21:04 [INFO]: MongoDB connected successfully
2024-10-06 15:21:08 [INFO]: Server running on port 3000
2024-10-06 15:21:08 [INFO]: MongoDB connected successfully
2024-10-06 15:21:11 [INFO]: Server running on port 3000
2024-10-06 15:21:11 [INFO]: MongoDB connected successfully
2024-10-06 15:21:27 [INFO]: Server running on port 3000
2024-10-06 15:21:27 [INFO]: MongoDB connected successfully
2024-10-06 15:21:43 [INFO]: MongoDB connection closed.
2024-10-06 15:21:45 [INFO]: Server running on port 3000
2024-10-06 15:21:45 [INFO]: MongoDB connected successfully
2024-10-06 15:22:05 [INFO]: Server running on port 3000
2024-10-06 15:22:05 [INFO]: MongoDB connected successfully
2024-10-06 15:22:10 [INFO]: MongoDB connection closed.
2024-10-06 15:22:15 [INFO]: Server running on port 3000
2024-10-06 15:22:15 [INFO]: MongoDB connected successfully
2024-10-06 15:22:37 [INFO]: Server running on port 3000
2024-10-06 15:22:37 [INFO]: MongoDB connected successfully
2024-10-06 15:22:50 [INFO]: Server running on port 3000
2024-10-06 15:22:51 [INFO]: MongoDB connected successfully
2024-10-06 15:22:52 [INFO]: MongoDB connection closed.
2024-10-06 15:22:54 [INFO]: Server running on port 3000
2024-10-06 15:22:54 [INFO]: MongoDB connected successfully
2024-10-06 15:23:50 [INFO]: Server running on port 3000
2024-10-06 15:23:50 [INFO]: MongoDB connected successfully
2024-10-06 15:24:11 [INFO]: Server running on port 3000
2024-10-06 15:24:11 [INFO]: MongoDB connected successfully
2024-10-06 15:24:21 [INFO]: MongoDB connection closed.
2024-10-06 15:24:25 [INFO]: Server running on port 3000
2024-10-06 15:24:25 [INFO]: MongoDB connected successfully
2024-10-06 15:24:49 [INFO]: Server running on port 3000
2024-10-06 15:24:49 [INFO]: MongoDB connected successfully
2024-10-06 15:25:40 [INFO]: Server running on port 3000
2024-10-06 15:25:40 [INFO]: MongoDB connected successfully
2024-10-06 15:25:59 [INFO]: Server running on port 3000
2024-10-06 15:25:59 [INFO]: MongoDB connected successfully
2024-10-06 15:26:02 [INFO]: Server running on port 3000
2024-10-06 15:26:02 [INFO]: MongoDB connected successfully
2024-10-06 15:26:04 [INFO]: Server running on port 3000
2024-10-06 15:26:05 [INFO]: MongoDB connected successfully
2024-10-06 15:26:09 [INFO]: Server running on port 3000
2024-10-06 15:26:10 [INFO]: MongoDB connected successfully
2024-10-06 15:26:22 [INFO]: Server running on port 3000
2024-10-06 15:26:22 [INFO]: MongoDB connected successfully
2024-10-06 15:26:32 [INFO]: Server running on port 3000
2024-10-06 15:26:32 [INFO]: MongoDB connected successfully
2024-10-06 15:26:35 [INFO]: Server running on port 3000
2024-10-06 15:26:36 [INFO]: MongoDB connected successfully
2024-10-06 15:26:51 [INFO]: Server running on port 3000
2024-10-06 15:26:51 [INFO]: MongoDB connected successfully
2024-10-06 15:26:55 [INFO]: MongoDB connection closed.
2024-10-06 15:27:02 [INFO]: Server running on port 3000
2024-10-06 15:27:03 [INFO]: MongoDB connected successfully
2024-10-06 15:28:45 [INFO]: Server running on port 3000
2024-10-06 15:28:45 [INFO]: MongoDB connected successfully
2024-10-06 15:29:36 [INFO]: Server running on port 3000
2024-10-06 15:29:37 [INFO]: MongoDB connected successfully
2024-10-06 15:31:05 [INFO]: MongoDB connection closed.
2024-10-06 15:31:06 [INFO]: Server running on port 3000
2024-10-06 15:31:07 [INFO]: MongoDB connected successfully
2024-10-06 15:31:59 [INFO]: Server running on port 3000
2024-10-06 15:31:59 [INFO]: MongoDB connected successfully
2024-10-06 15:32:01 [INFO]: Server running on port 3000
2024-10-06 15:32:02 [INFO]: MongoDB connected successfully
2024-10-06 15:33:16 [INFO]: Server running on port 3000
2024-10-06 15:33:17 [INFO]: MongoDB connected successfully
2024-10-06 15:33:18 [INFO]: [GET] /auth/login?username_or_email=9&password=99 - CSRF token set
2024-10-06 15:33:18 [INFO]: [GET] /auth/login?username_or_email=9&password=99 - Serving login.html
2024-10-06 15:33:18 [INFO]: [GET] /auth/assets/js/login.js - CSRF token set
2024-10-06 15:33:18 [INFO]: [GET] /auth/assets/js/login.js - CSRF token added to response.
2024-10-06 15:33:18 [INFO]: [GET] /assets/js/reset_password.js - CSRF token set
2024-10-06 15:33:18 [INFO]: [GET] /auth/login?username_or_email=9&password=99 - CSRF token set
2024-10-06 15:33:18 [INFO]: [GET] /auth/login?username_or_email=9&password=99 - Serving login.html
2024-10-06 15:33:18 [INFO]: [GET] /auth/assets/js/login.js - CSRF token set
2024-10-06 15:33:18 [INFO]: [GET] /assets/js/reset_password.js - CSRF token set
2024-10-06 15:33:18 [INFO]: [GET] /auth/assets/js/login.js - CSRF token added to response.
2024-10-06 15:33:20 [INFO]: [GET] /auth/login?username_or_email=9&password=9 - CSRF token set
2024-10-06 15:33:20 [INFO]: [GET] /auth/login?username_or_email=9&password=9 - Serving login.html
2024-10-06 15:33:20 [INFO]: [GET] /auth/assets/js/login.js - CSRF token set
2024-10-06 15:33:20 [INFO]: [GET] /assets/js/reset_password.js - CSRF token set
2024-10-06 15:33:20 [INFO]: [GET] /auth/assets/js/login.js - CSRF token added to response.
2024-10-06 15:33:20 [INFO]: [GET] /serviceWorker.js - CSRF token set
2024-10-06 15:33:20 [INFO]: [GET] /serviceWorker.js - CSRF token added to response.
2024-10-06 15:33:21 [INFO]: [GET] /serviceWorker.js - CSRF token set
2024-10-06 15:33:21 [INFO]: [GET] /serviceWorker.js - CSRF token added to response.2024-10-06 15:33:52 [INFO]: [GET] /serviceWorker.js - CSRF token set
2024-10-06 15:33:52 [INFO]: [GET] /serviceWorker.js - CSRF token added to response.
2024-10-06 15:34:07 [INFO]: [GET] /auth/login?username_or_email=9&password=9 - CSRF token set
2024-10-06 15:34:07 [INFO]: [GET] /auth/login?username_or_email=9&password=9 - Serving login.html
2024-10-06 15:34:07 [INFO]: [GET] /auth/assets/js/login.js - CSRF token set
2024-10-06 15:34:07 [INFO]: [GET] /auth/assets/js/login.js - CSRF token added to response.
2024-10-06 15:34:07 [INFO]: [GET] /assets/js/reset_password.js - CSRF token set
2024-10-06 15:34:08 [INFO]: [GET] /serviceWorker.js - CSRF token set
2024-10-06 15:34:08 [INFO]: [GET] /serviceWorker.js - CSRF token added to response.
2024-10-06 15:34:12 [INFO]: [GET] /auth/login?username_or_email=9&password=9 - CSRF token set
2024-10-06 15:34:12 [INFO]: [GET] /auth/login?username_or_email=9&password=9 - Serving login.html
2024-10-06 15:34:12 [INFO]: [GET] /auth/assets/js/login.js - CSRF token set
2024-10-06 15:34:12 [INFO]: [GET] /auth/assets/js/login.js - CSRF token added to response.
2024-10-06 15:34:12 [INFO]: [GET] /assets/js/reset_password.js - CSRF token set
2024-10-06 15:34:13 [INFO]: [GET] /serviceWorker.js - CSRF token set
2024-10-06 15:34:13 [INFO]: [GET] /serviceWorker.js - CSRF token added to response.
2024-10-06 15:34:17 [INFO]: [GET] /auth/login - CSRF token set
2024-10-06 15:34:17 [INFO]: [GET] /auth/login - Serving login.html
2024-10-06 15:34:17 [INFO]: [GET] /auth/assets/js/login.js - CSRF token set
2024-10-06 15:34:17 [INFO]: [GET] /auth/assets/js/login.js - CSRF token added to response.
2024-10-06 15:34:17 [INFO]: [GET] /assets/js/reset_password.js - CSRF token set
2024-10-06 15:34:19 [INFO]: [GET] /serviceWorker.js - CSRF token set
2024-10-06 15:34:19 [INFO]: [GET] /serviceWorker.js - CSRF token added to response.
2024-10-06 15:34:20 [INFO]: [GET] /auth/login?username_or_email=9&password=9 - CSRF token set
2024-10-06 15:34:20 [INFO]: [GET] /auth/login?username_or_email=9&password=9 - Serving login.html
2024-10-06 15:34:20 [INFO]: [GET] /auth/assets/js/login.js - CSRF token set
2024-10-06 15:34:20 [INFO]: [GET] /assets/js/reset_password.js - CSRF token set
2024-10-06 15:34:20 [INFO]: [GET] /auth/assets/js/login.js - CSRF token added to response.
2024-10-06 15:34:22 [INFO]: [GET] /serviceWorker.js - CSRF token set
2024-10-06 15:34:22 [INFO]: [GET] /serviceWorker.js - CSRF token added to response.
2024-10-06 15:34:23 [INFO]: [GET] /auth/login?username_or_email=alex404hm&password=Cpr34aeb.%2C - CSRF token set
2024-10-06 15:34:23 [INFO]: [GET] /auth/login?username_or_email=alex404hm&password=Cpr34aeb.%2C - Serving login.html
2024-10-06 15:34:23 [INFO]: [GET] /auth/assets/js/login.js - CSRF token set
2024-10-06 15:34:23 [INFO]: [GET] /assets/js/reset_password.js - CSRF token set
2024-10-06 15:34:23 [INFO]: [GET] /auth/assets/js/login.js - CSRF token added to response.
2024-10-06 15:34:25 [INFO]: [GET] /serviceWorker.js - CSRF token set
2024-10-06 15:34:25 [INFO]: [GET] /serviceWorker.js - CSRF token added to response.
2024-10-06 15:34:42 [INFO]: Server running on port 3000
2024-10-06 15:34:43 [ERROR]: MongoDB connection error: bad auth : authentication failed
2024-10-06 15:34:47 [INFO]: Server running on port 3000
2024-10-06 15:34:48 [INFO]: MongoDB connected successfully
2024-10-06 15:34:49 [INFO]: [GET] /auth/login?username_or_email=alex404hm&password=Cpr34aeb.%2C - CSRF token set
2024-10-06 15:34:49 [INFO]: [GET] /auth/login?username_or_email=alex404hm&password=Cpr34aeb.%2C - Serving login.html
2024-10-06 15:34:49 [INFO]: [GET] /auth/assets/js/login.js - CSRF token set
2024-10-06 15:34:49 [INFO]: [GET] /auth/assets/js/login.js - CSRF token added to response.
2024-10-06 15:34:49 [INFO]: [GET] /assets/js/reset_password.js - CSRF token set
2024-10-06 15:34:49 [INFO]: [GET] /auth/login?username_or_email=alex404hm&password=Cpr34aeb.%2C - CSRF token set
2024-10-06 15:34:49 [INFO]: [GET] /auth/login?username_or_email=alex404hm&password=Cpr34aeb.%2C - Serving login.html
2024-10-06 15:34:49 [INFO]: [GET] /auth/assets/js/login.js - CSRF token set
2024-10-06 15:34:49 [INFO]: [GET] /assets/js/reset_password.js - CSRF token set
2024-10-06 15:34:49 [INFO]: [GET] /auth/assets/js/login.js - CSRF token added to response.
2024-10-06 15:34:51 [INFO]: [GET] /serviceWorker.js - CSRF token set
2024-10-06 15:34:51 [INFO]: [GET] /serviceWorker.js - CSRF token added to response.
2024-10-06 15:35:22 [INFO]: Server running on port 3000
2024-10-06 15:35:22 [INFO]: MongoDB connected successfully
2024-10-06 15:35:23 [INFO]: [GET] /auth/login?username_or_email=alex404hm&password=Cpr34aeb.%2C - CSRF token set
2024-10-06 15:35:23 [INFO]: [GET] /auth/login?username_or_email=alex404hm&password=Cpr34aeb.%2C - Serving login.html
2024-10-06 15:35:23 [INFO]: [GET] /auth/assets/js/login.js - CSRF token set
2024-10-06 15:35:23 [INFO]: [GET] /auth/assets/js/login.js - CSRF token added to response.
2024-10-06 15:35:23 [INFO]: [GET] /assets/js/reset_password.js - CSRF token set
2024-10-06 15:35:24 [INFO]: [GET] /serviceWorker.js - CSRF token set
2024-10-06 15:35:24 [INFO]: [GET] /serviceWorker.js - CSRF token added to response.
2024-10-06 15:35:24 [INFO]: [GET] /auth/login?username_or_email=9&password=9 - CSRF token set
2024-10-06 15:35:24 [INFO]: [GET] /auth/login?username_or_email=9&password=9 - Serving login.html
2024-10-06 15:35:24 [INFO]: [GET] /auth/assets/js/login.js - CSRF token set
2024-10-06 15:35:24 [INFO]: [GET] /assets/js/reset_password.js - CSRF token set
2024-10-06 15:35:24 [INFO]: [GET] /auth/assets/js/login.js - CSRF token added to response.
2024-10-06 15:35:26 [INFO]: [GET] /serviceWorker.js - CSRF token set
2024-10-06 15:35:26 [INFO]: [GET] /serviceWorker.js - CSRF token added to response.
2024-10-06 15:35:37 [INFO]: [GET] /auth/login?username_or_email=alex404hm&password=Cpr34aeb.%2C - CSRF token set
2024-10-06 15:35:37 [INFO]: [GET] /auth/login?username_or_email=alex404hm&password=Cpr34aeb.%2C - Serving login.html
2024-10-06 15:35:37 [INFO]: [GET] /auth/assets/js/login.js - CSRF token set
2024-10-06 15:35:37 [INFO]: [GET] /auth/assets/js/login.js - CSRF token added to response.
2024-10-06 15:35:37 [INFO]: [GET] /assets/js/reset_password.js - CSRF token set
2024-10-06 15:35:39 [INFO]: [GET] /serviceWorker.js - CSRF token set
2024-10-06 15:35:39 [INFO]: [GET] /serviceWorker.js - CSRF token added to response.
2024-10-06 15:36:07 [INFO]: [GET] /auth/login?username_or_email=alex404hm&password=Cpr34aeb.%2C - CSRF token set
2024-10-06 15:36:07 [INFO]: [GET] /auth/login?username_or_email=alex404hm&password=Cpr34aeb.%2C - Serving login.html
2024-10-06 15:36:07 [INFO]: [GET] /auth/assets/js/login.js - CSRF token set
2024-10-06 15:36:07 [INFO]: [GET] /auth/assets/js/login.js - CSRF token added to response.
2024-10-06 15:36:07 [INFO]: [GET] /assets/js/reset_password.js - CSRF token set
2024-10-06 15:36:09 [INFO]: [GET] /serviceWorker.js - CSRF token set
2024-10-06 15:36:09 [INFO]: [GET] /serviceWorker.js - CSRF token added to response.
2024-10-06 15:36:31 [INFO]: [GET] /auth/login?username_or_email=alex404hm&password=Cpr34aeb.%2C - CSRF token set
2024-10-06 15:36:31 [INFO]: [GET] /auth/login?username_or_email=alex404hm&password=Cpr34aeb.%2C - Serving login.html
2024-10-06 15:36:31 [INFO]: [GET] /auth/assets/js/login.js - CSRF token set
2024-10-06 15:36:31 [INFO]: [GET] /auth/assets/js/login.js - CSRF token added to response.
2024-10-06 15:36:31 [INFO]: [GET] /assets/js/reset_password.js - CSRF token set
2024-10-06 15:36:31 [INFO]: [GET] /auth/login?username_or_email=alex404hm&password=Cpr34aeb.%2C - CSRF token set
2024-10-06 15:36:31 [INFO]: [GET] /auth/login?username_or_email=alex404hm&password=Cpr34aeb.%2C - Serving login.html
2024-10-06 15:36:31 [INFO]: [GET] /auth/assets/js/login.js - CSRF token set
2024-10-06 15:36:31 [INFO]: [GET] /assets/js/reset_password.js - CSRF token set
2024-10-06 15:36:31 [INFO]: [GET] /auth/assets/js/login.js - CSRF token added to response.
2024-10-06 15:36:32 [INFO]: [GET] /serviceWorker.js - CSRF token set
2024-10-06 15:36:32 [INFO]: [GET] /serviceWorker.js - CSRF token added to response.
2024-10-06 15:36:33 [INFO]: [GET] /auth/login?username_or_email=9&password=9 - CSRF token set
2024-10-06 15:36:33 [INFO]: [GET] /auth/login?username_or_email=9&password=9 - Serving login.html
2024-10-06 15:36:33 [INFO]: [GET] /auth/assets/js/login.js - CSRF token set
2024-10-06 15:36:33 [INFO]: [GET] /assets/js/reset_password.js - CSRF token set
2024-10-06 15:36:33 [INFO]: [GET] /auth/assets/js/login.js - CSRF token added to response.
2024-10-06 15:36:33 [INFO]: [GET] /auth/login?username_or_email=9&password=9 - CSRF token set
2024-10-06 15:36:33 [INFO]: [GET] /auth/login?username_or_email=9&password=9 - Serving login.html
2024-10-06 15:36:33 [INFO]: [GET] /auth/assets/js/login.js - CSRF token set
2024-10-06 15:36:33 [INFO]: [GET] /assets/js/reset_password.js - CSRF token set
2024-10-06 15:36:33 [INFO]: [GET] /auth/assets/js/login.js - CSRF token added to response.
2024-10-06 15:36:33 [INFO]: [GET] /auth/login?username_or_email=9&password=9 - CSRF token set
2024-10-06 15:36:33 [INFO]: [GET] /auth/login?username_or_email=9&password=9 - Serving login.html
2024-10-06 15:36:33 [INFO]: [GET] /auth/assets/js/login.js - CSRF token set
2024-10-06 15:36:33 [INFO]: [GET] /assets/js/reset_password.js - CSRF token set
2024-10-06 15:36:33 [INFO]: [GET] /auth/assets/js/login.js - CSRF token added to response.
2024-10-06 15:36:35 [INFO]: [GET] /serviceWorker.js - CSRF token set
2024-10-06 15:36:35 [INFO]: [GET] /serviceWorker.js - CSRF token added to response.
2024-10-06 15:36:35 [INFO]: [GET] /auth/login?username_or_email=9&password=9 - CSRF token set
2024-10-06 15:36:35 [INFO]: [GET] /auth/login?username_or_email=9&password=9 - Serving login.html
2024-10-06 15:36:35 [INFO]: [GET] /auth/assets/js/login.js - CSRF token set
2024-10-06 15:36:35 [INFO]: [GET] /assets/js/reset_password.js - CSRF token set
2024-10-06 15:36:35 [INFO]: [GET] /auth/assets/js/login.js - CSRF token added to response.
2024-10-06 15:36:37 [INFO]: [GET] /serviceWorker.js - CSRF token set
2024-10-06 15:36:37 [INFO]: [GET] /serviceWorker.js - CSRF token added to response.
2024-10-06 15:36:57 [INFO]: [GET] /auth/login?username_or_email=9&password=9 - CSRF token set
2024-10-06 15:36:57 [INFO]: [GET] /auth/login?username_or_email=9&password=9 - Serving login.html
2024-10-06 15:36:57 [INFO]: [GET] /auth/assets/js/login.js - CSRF token set
2024-10-06 15:36:57 [INFO]: [GET] /auth/assets/js/login.js - CSRF token added to response.
2024-10-06 15:36:57 [INFO]: [GET] /assets/js/reset_password.js - CSRF token set
2024-10-06 15:36:57 [INFO]: [GET] /auth/login?username_or_email=9&password=9 - CSRF token set
2024-10-06 15:36:57 [INFO]: [GET] /auth/login?username_or_email=9&password=9 - Serving login.html
2024-10-06 15:36:57 [INFO]: [GET] /auth/assets/js/login.js - CSRF token set
2024-10-06 15:36:57 [INFO]: [GET] /assets/js/reset_password.js - CSRF token set
2024-10-06 15:36:57 [INFO]: [GET] /auth/assets/js/login.js - CSRF token added to response.
2024-10-06 15:36:57 [INFO]: [GET] /auth/login?username_or_email=9&password=9 - CSRF token set
2024-10-06 15:36:57 [INFO]: [GET] /auth/login?username_or_email=9&password=9 - Serving login.html
2024-10-06 15:36:57 [INFO]: [GET] /assets/js/reset_password.js - CSRF token set
2024-10-06 15:36:57 [INFO]: [GET] /assets/js/login.js - CSRF token set
2024-10-06 15:36:59 [INFO]: [GET] /serviceWorker.js - CSRF token set
2024-10-06 15:36:59 [INFO]: [GET] /serviceWorker.js - CSRF token added to response.
2024-10-06 15:36:59 [INFO]: [POST] /auth/login - CSRF token set
2024-10-06 15:36:59 [INFO]: Login attempt for user: 3
2024-10-06 15:37:02 [INFO]: [GET] /auth/login?username_or_email=9&password=9 - CSRF token set
2024-10-06 15:37:02 [INFO]: [GET] /auth/login?username_or_email=9&password=9 - Serving login.html
2024-10-06 15:37:02 [INFO]: [GET] /assets/js/reset_password.js - CSRF token set
2024-10-06 15:37:02 [INFO]: [GET] /assets/js/login.js - CSRF token set
2024-10-06 15:37:02 [INFO]: [GET] /auth/login?username_or_email=9&password=9 - CSRF token set
2024-10-06 15:37:02 [INFO]: [GET] /auth/login?username_or_email=9&password=9 - Serving login.html
2024-10-06 15:37:02 [INFO]: [GET] /assets/js/login.js - CSRF token set
2024-10-06 15:37:02 [INFO]: [GET] /assets/js/reset_password.js - CSRF token set
2024-10-06 15:37:03 [INFO]: [GET] /serviceWorker.js - CSRF token set
2024-10-06 15:37:03 [INFO]: [GET] /serviceWorker.js - CSRF token added to response.
2024-10-06 15:37:05 [INFO]: [POST] /auth/login - CSRF token set
2024-10-06 15:37:05 [INFO]: Login attempt for user: test
2024-10-06 15:37:08 [INFO]: [GET] /auth/login?username_or_email=9&password=9 - CSRF token set
2024-10-06 15:37:08 [INFO]: [GET] /auth/login?username_or_email=9&password=9 - Serving login.html
2024-10-06 15:37:08 [INFO]: [GET] /assets/js/login.js - CSRF token set
2024-10-06 15:37:08 [INFO]: [GET] /assets/js/reset_password.js - CSRF token set
2024-10-06 15:37:08 [INFO]: [GET] /auth/login?username_or_email=9&password=9 - CSRF token set
2024-10-06 15:37:08 [INFO]: [GET] /auth/login?username_or_email=9&password=9 - Serving login.html
2024-10-06 15:37:08 [INFO]: [GET] /assets/js/login.js - CSRF token set
2024-10-06 15:37:08 [INFO]: [GET] /assets/js/reset_password.js - CSRF token set
2024-10-06 15:37:08 [INFO]: [GET] /auth/login?username_or_email=9&password=9 - CSRF token set
2024-10-06 15:37:08 [INFO]: [GET] /auth/login?username_or_email=9&password=9 - Serving login.html
2024-10-06 15:37:08 [INFO]: [GET] /assets/js/login.js - CSRF token set
2024-10-06 15:37:08 [INFO]: [GET] /assets/js/reset_password.js - CSRF token set
2024-10-06 15:37:10 [INFO]: [GET] /serviceWorker.js - CSRF token set
2024-10-06 15:37:10 [INFO]: [GET] /serviceWorker.js - CSRF token added to response.
2024-10-06 15:37:10 [INFO]: [POST] /auth/login - CSRF token set
2024-10-06 15:37:10 [INFO]: Login attempt for user: test
2024-10-06 15:37:11 [INFO]: [GET] /auth/login?username_or_email=9&password=9 - CSRF token set
2024-10-06 15:37:11 [INFO]: [GET] /auth/login?username_or_email=9&password=9 - Serving login.html
2024-10-06 15:37:11 [INFO]: [GET] /assets/js/reset_password.js - CSRF token set
2024-10-06 15:37:11 [INFO]: [GET] /auth/login?username_or_email=9&password=9 - CSRF token set
2024-10-06 15:37:11 [INFO]: [GET] /auth/login?username_or_email=9&password=9 - Serving login.html
2024-10-06 15:37:11 [INFO]: [GET] /assets/js/reset_password.js - CSRF token set
2024-10-06 15:37:13 [INFO]: [GET] /serviceWorker.js - CSRF token set
2024-10-06 15:37:13 [INFO]: [GET] /serviceWorker.js - CSRF token added to response.
2024-10-06 15:37:13 [INFO]: [GET] /auth/login?username_or_email=test&password=test - CSRF token set
2024-10-06 15:37:13 [INFO]: [GET] /auth/login?username_or_email=test&password=test - Serving login.html
2024-10-06 15:37:13 [INFO]: [GET] /assets/js/reset_password.js - CSRF token set
2024-10-06 15:37:15 [INFO]: [GET] /serviceWorker.js - CSRF token set
2024-10-06 15:37:15 [INFO]: [GET] /serviceWorker.js - CSRF token added to response.
2024-10-06 15:37:15 [INFO]: [GET] /auth/login?username_or_email=test&password=test - CSRF token set
2024-10-06 15:37:15 [INFO]: [GET] /auth/login?username_or_email=test&password=test - Serving login.html
2024-10-06 15:37:15 [INFO]: [GET] /assets/js/reset_password.js - CSRF token set
2024-10-06 15:37:15 [INFO]: [GET] /auth/login?username_or_email=test&password=test - CSRF token set
2024-10-06 15:37:15 [INFO]: [GET] /auth/login?username_or_email=test&password=test - Serving login.html
2024-10-06 15:37:15 [INFO]: [GET] /assets/js/reset_password.js - CSRF token set
2024-10-06 15:37:17 [INFO]: [GET] /serviceWorker.js - CSRF token set
2024-10-06 15:37:17 [INFO]: [GET] /serviceWorker.js - CSRF token added to response.
2024-10-06 15:37:17 [INFO]: [GET] /auth/login?username_or_email=test&password=test - CSRF token set
2024-10-06 15:37:17 [INFO]: [GET] /auth/login?username_or_email=test&password=test - Serving login.html
2024-10-06 15:37:17 [INFO]: [GET] /assets/js/reset_password.js - CSRF token set
2024-10-06 15:37:19 [INFO]: [GET] /serviceWorker.js - CSRF token set
2024-10-06 15:37:19 [INFO]: [GET] /serviceWorker.js - CSRF token added to response.
2024-10-06 15:37:20 [INFO]: [GET] /auth/login?username_or_email=test&password=test - CSRF token set
2024-10-06 15:37:20 [INFO]: [GET] /auth/login?username_or_email=test&password=test - Serving login.html
2024-10-06 15:37:20 [INFO]: [GET] /assets/js/reset_password.js - CSRF token set
2024-10-06 15:37:21 [INFO]: [GET] /serviceWorker.js - CSRF token set
2024-10-06 15:37:21 [INFO]: [GET] /serviceWorker.js - CSRF token added to response.
2024-10-06 15:37:23 [INFO]: [GET] /auth/login?username_or_email=alex404hm&password=Cpr34aeb.%2C - CSRF token set
2024-10-06 15:37:23 [INFO]: [GET] /auth/login?username_or_email=alex404hm&password=Cpr34aeb.%2C - Serving login.html
2024-10-06 15:37:23 [INFO]: [GET] /assets/js/login.js - CSRF token set
2024-10-06 15:37:23 [INFO]: [GET] /assets/js/reset_password.js - CSRF token set
2024-10-06 15:37:24 [INFO]: [GET] /auth/login?username_or_email=alex404hm&password=Cpr34aeb.%2C - CSRF token set
2024-10-06 15:37:24 [INFO]: [GET] /auth/login?username_or_email=alex404hm&password=Cpr34aeb.%2C - Serving login.html
2024-10-06 15:37:24 [INFO]: [GET] /assets/js/login.js - CSRF token set
2024-10-06 15:37:24 [INFO]: [GET] /assets/js/reset_password.js - CSRF token set
2024-10-06 15:37:26 [INFO]: [GET] /serviceWorker.js - CSRF token set
2024-10-06 15:37:26 [INFO]: [GET] /serviceWorker.js - CSRF token added to response.
2024-10-06 15:37:26 [INFO]: [POST] /auth/login - CSRF token set
2024-10-06 15:37:26 [INFO]: Login attempt for user: alex404hm
2024-10-06 15:37:33 [INFO]: [GET] /auth/login?username_or_email=alex404hm&password=Cpr34aeb.%2C - CSRF token set
2024-10-06 15:37:33 [INFO]: [GET] /auth/login?username_or_email=alex404hm&password=Cpr34aeb.%2C - Serving login.html
2024-10-06 15:37:33 [INFO]: [GET] /assets/js/login.js - CSRF token set
2024-10-06 15:37:33 [INFO]: [GET] /assets/js/reset_password.js - CSRF token set
2024-10-06 15:37:34 [INFO]: [GET] /serviceWorker.js - CSRF token set
2024-10-06 15:37:34 [INFO]: [GET] /serviceWorker.js - CSRF token added to response.
2024-10-06 15:37:36 [INFO]: [POST] /auth/login - CSRF token set
2024-10-06 15:37:36 [INFO]: Login attempt for user: alex404hm
2024-10-06 15:37:38 [INFO]: [GET] /auth/login?username_or_email=alex404hm&password=Cpr34aeb.%2C - CSRF token set
2024-10-06 15:37:38 [INFO]: [GET] /auth/login?username_or_email=alex404hm&password=Cpr34aeb.%2C - Serving login.html
2024-10-06 15:37:38 [INFO]: [GET] /assets/js/login.js - CSRF token set
2024-10-06 15:37:38 [INFO]: [GET] /assets/js/reset_password.js - CSRF token set
2024-10-06 15:37:40 [INFO]: [GET] /serviceWorker.js - CSRF token set
2024-10-06 15:37:47 [INFO]: [GET] /auth/login?username_or_email=alex404hm&password=Cpr34aeb.%2C - CSRF token set
2024-10-06 15:37:47 [INFO]: [GET] /auth/login?username_or_email=alex404hm&password=Cpr34aeb.%2C - CSRF token set
2024-10-06 15:37:49 [INFO]: [GET] /serviceWorker.js - CSRF token set
2024-10-06 15:37:57 [INFO]: [GET] /auth/login?username_or_email=alex404hm&password=Cpr34aeb.%2C - CSRF token set
2024-10-06 15:37:58 [INFO]: [GET] /auth/login?username_or_email=alex404hm&password=Cpr34aeb.%2C - CSRF token set
2024-10-06 15:37:59 [INFO]: [GET] /serviceWorker.js - CSRF token set
2024-10-06 15:37:59 [INFO]: MongoDB connection closed.
2024-10-06 15:38:00 [INFO]: Server running on port 3000
2024-10-06 15:38:01 [INFO]: [GET] /auth/login?username_or_email=alex404hm&password=Cpr34aeb.%2C - CSRF token set
2024-10-06 15:38:01 [INFO]: [GET] /auth/login?username_or_email=alex404hm&password=Cpr34aeb.%2C - Serving login.html
2024-10-06 15:38:01 [INFO]: [GET] /assets/js/login.js - CSRF token set
2024-10-06 15:38:01 [INFO]: [GET] /assets/js/reset_password.js - CSRF token set
2024-10-06 15:38:01 [INFO]: [GET] /auth/login?username_or_email=alex404hm&password=Cpr34aeb.%2C - CSRF token set
2024-10-06 15:38:01 [INFO]: [GET] /auth/login?username_or_email=alex404hm&password=Cpr34aeb.%2C - Serving login.html
2024-10-06 15:38:01 [INFO]: [GET] /assets/js/login.js - CSRF token set
2024-10-06 15:38:01 [INFO]: [GET] /assets/js/reset_password.js - CSRF token set
2024-10-06 15:38:01 [INFO]: MongoDB connected successfully
2024-10-06 15:38:03 [INFO]: [GET] /serviceWorker.js - CSRF token set
2024-10-06 15:38:03 [INFO]: [GET] /serviceWorker.js - CSRF token added to response.
2024-10-06 15:38:04 [INFO]: [GET] /auth/login?username_or_email=alex404hm&password=Cpr34aeb.%2C - CSRF token set
2024-10-06 15:38:04 [INFO]: [GET] /auth/login?username_or_email=alex404hm&password=Cpr34aeb.%2C - Serving login.html
2024-10-06 15:38:04 [INFO]: [GET] /assets/js/reset_password.js - CSRF token set
2024-10-06 15:38:04 [INFO]: [GET] /assets/js/login.js - CSRF token set
2024-10-06 15:38:06 [INFO]: [GET] /serviceWorker.js - CSRF token set
2024-10-06 15:38:06 [INFO]: [GET] /serviceWorker.js - CSRF token added to response.
2024-10-06 15:38:06 [INFO]: [POST] /auth/login - CSRF token set
2024-10-06 15:38:06 [INFO]: Login attempt for user: alex404hm
2024-10-06 15:38:31 [INFO]: [GET] /dashboard - CSRF token set
2024-10-06 15:38:31 [INFO]: [GET] /dashboard - Serving dashboard.html
2024-10-06 15:38:31 [INFO]: [GET] /assets/css/style.css - CSRF token set
2024-10-06 15:38:31 [INFO]: [GET] /assets/css/style.css - CSRF token added to response.
2024-10-06 15:38:31 [INFO]: [GET] /assets/js/dashboard.js - CSRF token set
2024-10-06 15:38:33 [INFO]: [GET] /serviceWorker.js - CSRF token set
2024-10-06 15:38:33 [INFO]: [GET] /serviceWorker.js - CSRF token added to response.
2024-10-06 15:38:42 [INFO]: [GET] /dashboard - CSRF token set
2024-10-06 15:38:42 [INFO]: [GET] /dashboard - Serving dashboard.html
2024-10-06 15:38:42 [INFO]: [GET] /assets/css/style.css - CSRF token set
2024-10-06 15:38:42 [INFO]: [GET] /assets/css/style.css - CSRF token added to response.
2024-10-06 15:38:42 [INFO]: [GET] /assets/js/dashboard.js - CSRF token set
2024-10-06 15:38:43 [INFO]: [GET] /serviceWorker.js - CSRF token set
2024-10-06 15:38:43 [INFO]: [GET] /serviceWorker.js - CSRF token added to response.
2024-10-06 15:39:00 [INFO]: [GET] /dashboard - CSRF token set
2024-10-06 15:39:00 [INFO]: [GET] /dashboard - Serving dashboard.html
2024-10-06 15:39:00 [INFO]: [GET] /assets/css/style.css - CSRF token set
2024-10-06 15:39:00 [INFO]: [GET] /assets/css/style.css - CSRF token added to response.
2024-10-06 15:39:00 [INFO]: [GET] /assets/js/dashboard.js - CSRF token set
2024-10-06 15:39:01 [INFO]: [GET] /dashboard - CSRF token set
2024-10-06 15:39:01 [INFO]: [GET] /dashboard - Serving dashboard.html
2024-10-06 15:39:01 [INFO]: [GET] /assets/css/style.css - CSRF token set
2024-10-06 15:39:01 [INFO]: [GET] /assets/js/dashboard.js - CSRF token set
2024-10-06 15:39:01 [INFO]: [GET] /assets/css/style.css - CSRF token added to response.
2024-10-06 15:39:01 [INFO]: [GET] /dashboard - CSRF token set
2024-10-06 15:39:01 [INFO]: [GET] /dashboard - Serving dashboard.html
2024-10-06 15:39:01 [INFO]: [GET] /assets/css/style.css - CSRF token set
2024-10-06 15:39:01 [INFO]: [GET] /assets/js/dashboard.js - CSRF token set
2024-10-06 15:39:01 [INFO]: [GET] /assets/css/style.css - CSRF token added to response.
2024-10-06 15:39:02 [INFO]: [GET] /serviceWorker.js - CSRF token set
2024-10-06 15:39:02 [INFO]: [GET] /serviceWorker.js - CSRF token added to response.
2024-10-06 15:39:03 [INFO]: [GET] /auth/login - CSRF token set
2024-10-06 15:39:03 [INFO]: [GET] /auth/login - Serving login.html
2024-10-06 15:39:03 [INFO]: [GET] /assets/js/reset_password.js - CSRF token set
2024-10-06 15:39:03 [INFO]: [GET] /assets/js/login.js - CSRF token set
2024-10-06 15:39:05 [INFO]: [GET] /serviceWorker.js - CSRF token set
2024-10-06 15:39:05 [INFO]: [GET] /serviceWorker.js - CSRF token added to response.
2024-10-06 15:39:05 [INFO]: [POST] /auth/login - CSRF token set
2024-10-06 15:39:05 [INFO]: Login attempt for user: 9
2024-10-06 15:39:08 [INFO]: [GET] /serviceWorker.js - CSRF token set
2024-10-06 15:39:08 [INFO]: [GET] /serviceWorker.js - CSRF token added to response.
2024-10-06 15:39:08 [INFO]: [POST] /auth/login - CSRF token set
2024-10-06 15:39:08 [INFO]: Login attempt for user: alex404hm
2024-10-06 15:39:09 [INFO]: [GET] /auth/login - CSRF token set
2024-10-06 15:39:09 [INFO]: [GET] /auth/login - Serving login.html
2024-10-06 15:39:09 [INFO]: [GET] /assets/js/reset_password.js - CSRF token set
2024-10-06 15:39:09 [INFO]: [GET] /assets/js/login.js - CSRF token set
2024-10-06 15:39:11 [INFO]: [GET] /serviceWorker.js - CSRF token set
2024-10-06 15:39:11 [INFO]: [GET] /serviceWorker.js - CSRF token added to response.
2024-10-06 15:39:11 [INFO]: [POST] /auth/login - CSRF token set
2024-10-06 15:39:11 [INFO]: Login attempt for user: alex404hm
2024-10-06 15:39:20 [INFO]: [POST] /auth/login - CSRF token set
2024-10-06 15:39:20 [INFO]: Login attempt for user: alex404hm@gmail.com
2024-10-06 15:39:31 [INFO]: [GET] /auth/login - CSRF token set
2024-10-06 15:39:31 [INFO]: [GET] /auth/login - Serving login.html
2024-10-06 15:39:32 [INFO]: [POST] /auth/login - CSRF token set
2024-10-06 15:39:32 [INFO]: Login attempt for user: alex404hm@gmail.com
2024-10-06 15:39:34 [INFO]: [POST] /auth/login - CSRF token set
2024-10-06 15:39:34 [INFO]: Login attempt for user: alex404hm@gmail.com
2024-10-06 15:39:34 [INFO]: [POST] /auth/login - CSRF token set
2024-10-06 15:39:34 [INFO]: Login attempt for user: alex404hm@gmail.com
2024-10-06 15:39:54 [INFO]: [POST] /auth/login - CSRF token set
2024-10-06 15:39:54 [INFO]: Login attempt for user: alex404hm@gmail.com
2024-10-06 15:41:02 [INFO]: Server running on port 3000
2024-10-06 15:41:03 [INFO]: MongoDB connected successfully
2024-10-06 15:41:05 [INFO]: [GET] /auth/login - CSRF token set
2024-10-06 15:41:05 [INFO]: [GET] /auth/login - Serving login.html
2024-10-06 15:41:06 [INFO]: [GET] /assets/js/login.js - CSRF token set
2024-10-06 15:41:06 [INFO]: [GET] /assets/js/reset_password.js - CSRF token set
2024-10-06 15:41:06 [INFO]: [GET] /auth/login - CSRF token set
2024-10-06 15:41:06 [INFO]: [GET] /auth/login - Serving login.html
2024-10-06 15:41:06 [INFO]: [GET] /assets/js/reset_password.js - CSRF token set
2024-10-06 15:41:06 [INFO]: [GET] /assets/js/login.js - CSRF token set
2024-10-06 15:41:07 [INFO]: [GET] /serviceWorker.js - CSRF token set
2024-10-06 15:41:07 [INFO]: [GET] /serviceWorker.js - CSRF token added to response.
2024-10-06 15:41:07 [INFO]: [POST] /auth/login - CSRF token set
2024-10-06 15:41:07 [INFO]: Login attempt for user: 9
2024-10-06 15:41:12 [INFO]: [POST] /auth/login - CSRF token set
2024-10-06 15:41:12 [INFO]: Login attempt for user: alex404hm
2024-10-06 15:41:28 [INFO]: [GET] /auth/login - CSRF token set
2024-10-06 15:41:28 [INFO]: [GET] /auth/login - Serving login.html
2024-10-06 15:41:28 [INFO]: [GET] /assets/js/reset_password.js - CSRF token set
2024-10-06 15:41:28 [INFO]: [GET] /assets/js/login.js - CSRF token set
2024-10-06 15:41:30 [INFO]: [GET] /serviceWorker.js - CSRF token set
2024-10-06 15:41:30 [INFO]: [GET] /serviceWorker.js - CSRF token added to response.
2024-10-06 15:41:58 [INFO]: [GET] /auth/login - CSRF token set
2024-10-06 15:41:58 [INFO]: [GET] /auth/login - Serving login.html
2024-10-06 15:41:58 [INFO]: [GET] /assets/js/login.js - CSRF token set
2024-10-06 15:41:58 [INFO]: [GET] /assets/js/reset_password.js - CSRF token set
2024-10-06 15:41:58 [INFO]: Server running on port 3000
2024-10-06 15:41:59 [INFO]: MongoDB connected successfully
2024-10-06 15:41:59 [INFO]: [GET] /auth/login - CSRF token set
2024-10-06 15:41:59 [INFO]: [GET] /auth/login - Serving login.html
2024-10-06 15:41:59 [INFO]: [GET] /assets/js/login.js - CSRF token set
2024-10-06 15:41:59 [INFO]: [GET] /assets/js/reset_password.js - CSRF token set
2024-10-06 15:41:59 [INFO]: [GET] /auth/login - CSRF token set
2024-10-06 15:41:59 [INFO]: [GET] /auth/login - Serving login.html
2024-10-06 15:41:59 [INFO]: [GET] /assets/js/login.js - CSRF token set
2024-10-06 15:41:59 [INFO]: [GET] /assets/js/reset_password.js - CSRF token set
2024-10-06 15:41:59 [INFO]: [GET] /serviceWorker.js - CSRF token set
2024-10-06 15:41:59 [INFO]: [GET] /serviceWorker.js - CSRF token added to response.
2024-10-06 15:42:01 [INFO]: [GET] /serviceWorker.js - CSRF token set
2024-10-06 15:42:01 [INFO]: [GET] /serviceWorker.js - CSRF token added to response.
2024-10-06 15:42:01 [INFO]: [POST] /auth/login - CSRF token set
2024-10-06 15:42:01 [INFO]: Login attempt for user: 9
2024-10-06 15:42:01 [INFO]: Server running on port 3000
2024-10-06 15:42:01 [INFO]: MongoDB connected successfully
2024-10-06 15:42:05 [INFO]: [POST] /auth/login - CSRF token set
2024-10-06 15:42:05 [INFO]: Login attempt for user: alex404hm
2024-10-06 15:42:07 [INFO]: [GET] /auth/login - CSRF token set
2024-10-06 15:42:07 [INFO]: [GET] /auth/login - Serving login.html
2024-10-06 15:42:07 [INFO]: [GET] /assets/js/login.js - CSRF token set
2024-10-06 15:42:07 [INFO]: [GET] /assets/js/reset_password.js - CSRF token set
2024-10-06 15:42:08 [INFO]: [POST] /auth/login - CSRF token set
2024-10-06 15:42:08 [INFO]: Login attempt for user: 9
2024-10-06 15:42:08 [INFO]: [GET] /serviceWorker.js - CSRF token set
2024-10-06 15:42:08 [INFO]: [GET] /serviceWorker.js - CSRF token added to response.
2024-10-06 15:42:10 [INFO]: [GET] /auth/login - CSRF token set
2024-10-06 15:42:10 [INFO]: [GET] /auth/login - Serving login.html
2024-10-06 15:42:10 [INFO]: [GET] /assets/js/login.js - CSRF token set
2024-10-06 15:42:10 [INFO]: [GET] /assets/js/reset_password.js - CSRF token set
2024-10-06 15:42:11 [INFO]: [GET] /serviceWorker.js - CSRF token set
2024-10-06 15:42:11 [INFO]: [GET] /serviceWorker.js - CSRF token added to response.
2024-10-06 15:42:12 [INFO]: [POST] /auth/login - CSRF token set
2024-10-06 15:42:12 [INFO]: Login attempt for user: alex404hm
2024-10-06 15:42:14 [INFO]: [GET] /auth/login - CSRF token set
2024-10-06 15:42:14 [INFO]: [GET] /auth/login - Serving login.html
2024-10-06 15:42:14 [INFO]: [GET] /assets/js/login.js - CSRF token set
2024-10-06 15:42:14 [INFO]: [GET] /assets/js/reset_password.js - CSRF token set
2024-10-06 15:42:15 [INFO]: [POST] /auth/login - CSRF token set
2024-10-06 15:42:15 [INFO]: Login attempt for user: 9
2024-10-06 15:42:15 [INFO]: [GET] /serviceWorker.js - CSRF token set
2024-10-06 15:42:15 [INFO]: [GET] /serviceWorker.js - CSRF token added to response.
2024-10-06 15:42:16 [INFO]: [GET] /auth/login - CSRF token set
2024-10-06 15:42:16 [INFO]: [GET] /auth/login - Serving login.html
2024-10-06 15:42:16 [INFO]: [GET] /assets/js/login.js - CSRF token set
2024-10-06 15:42:16 [INFO]: [GET] /assets/js/reset_password.js - CSRF token set
2024-10-06 15:42:17 [INFO]: [GET] /serviceWorker.js - CSRF token set
2024-10-06 15:42:17 [INFO]: [GET] /serviceWorker.js - CSRF token added to response.
2024-10-06 15:42:18 [INFO]: [POST] /auth/login - CSRF token set
2024-10-06 15:42:18 [INFO]: Login attempt for user: alex404hm
2024-10-06 15:42:25 [INFO]: [POST] /auth/login - CSRF token set
2024-10-06 15:42:25 [INFO]: Login attempt for user: bot@gmail.com
2024-10-06 15:42:43 [INFO]: [GET] /auth/signup - CSRF token set
2024-10-06 15:42:43 [INFO]: [GET] /auth/signup - Serving signup.html
2024-10-06 15:42:43 [INFO]: [GET] /assets/js/signup.js - CSRF token set
2024-10-06 15:42:45 [INFO]: [GET] /serviceWorker.js - CSRF token set
2024-10-06 15:42:45 [INFO]: [GET] /serviceWorker.js - CSRF token added to response.
2024-10-06 15:42:46 [INFO]: [GET] /login - CSRF token set
2024-10-06 15:42:46 [INFO]: [GET] /login - CSRF token added to response.
2024-10-06 15:42:47 [INFO]: [GET] /serviceWorker.js - CSRF token set
2024-10-06 15:42:47 [INFO]: [GET] /serviceWorker.js - CSRF token added to response.
2024-10-06 15:43:21 [INFO]: [GET] /serviceWorker.js - CSRF token set
2024-10-06 15:43:21 [INFO]: [GET] /serviceWorker.js - CSRF token added to response.
2024-10-06 15:43:21 [INFO]: [GET] /auth/signup - CSRF token set
2024-10-06 15:43:21 [INFO]: [GET] /auth/signup - Serving signup.html
2024-10-06 15:43:21 [INFO]: [GET] /assets/js/signup.js - CSRF token set
2024-10-06 15:43:21 [INFO]: Server running on port 3000
2024-10-06 15:43:22 [INFO]: MongoDB connected successfully
2024-10-06 15:43:22 [INFO]: [GET] /auth/signup - CSRF token set
2024-10-06 15:43:22 [INFO]: [GET] /auth/signup - Serving signup.html
2024-10-06 15:43:22 [INFO]: [GET] /assets/js/signup.js - CSRF token set
2024-10-06 15:43:22 [INFO]: [GET] /auth/signup - CSRF token set
2024-10-06 15:43:22 [INFO]: [GET] /auth/signup - Serving signup.html
2024-10-06 15:43:22 [INFO]: [GET] /assets/js/signup.js - CSRF token set
2024-10-06 15:43:23 [INFO]: [GET] /serviceWorker.js - CSRF token set
2024-10-06 15:43:23 [INFO]: [GET] /serviceWorker.js - CSRF token added to response.
2024-10-06 15:43:24 [INFO]: [GET] /auth/login - CSRF token set
2024-10-06 15:43:24 [INFO]: [GET] /auth/login - Serving login.html
2024-10-06 15:43:24 [INFO]: [GET] /assets/js/login.js - CSRF token set
2024-10-06 15:43:24 [INFO]: [GET] /assets/js/reset_password.js - CSRF token set
2024-10-06 15:43:24 [INFO]: [GET] /serviceWorker.js - CSRF token set
2024-10-06 15:43:24 [INFO]: [GET] /serviceWorker.js - CSRF token added to response.
2024-10-06 15:43:25 [INFO]: [POST] /auth/login - CSRF token set
2024-10-06 15:43:25 [INFO]: Login attempt for user: 9
2024-10-06 15:43:26 [INFO]: [GET] /serviceWorker.js - CSRF token set
2024-10-06 15:43:26 [INFO]: [GET] /serviceWorker.js - CSRF token added to response.
2024-10-06 15:43:28 [INFO]: [POST] /auth/login - CSRF token set
2024-10-06 15:43:28 [INFO]: Login attempt for user: alex404hm
2024-10-06 15:43:39 [INFO]: Server running on port 3000
2024-10-06 15:43:39 [INFO]: MongoDB connected successfully
2024-10-06 15:43:54 [INFO]: Server running on port 3000
2024-10-06 15:43:54 [INFO]: MongoDB connected successfully
2024-10-06 15:43:59 [INFO]: [GET] /serviceWorker.js - CSRF token set
2024-10-06 15:43:59 [INFO]: [GET] /serviceWorker.js - CSRF token added to response.
2024-10-06 15:44:15 [INFO]: [GET] /auth/login - CSRF token set
2024-10-06 15:44:15 [INFO]: [GET] /auth/login - Serving login.html
2024-10-06 15:44:15 [INFO]: [GET] /assets/js/login.js - CSRF token set
2024-10-06 15:44:15 [INFO]: [GET] /assets/js/reset_password.js - CSRF token set
2024-10-06 15:44:17 [INFO]: [GET] /serviceWorker.js - CSRF token set
2024-10-06 15:44:17 [INFO]: [GET] /serviceWorker.js - CSRF token added to response.
2024-10-06 15:44:18 [INFO]: [POST] /auth/login - CSRF token set
2024-10-06 15:44:18 [INFO]: Login attempt for user: 9
2024-10-06 15:44:22 [INFO]: [GET] /auth/login - CSRF token set
2024-10-06 15:44:22 [INFO]: [GET] /auth/login - Serving login.html
2024-10-06 15:44:22 [INFO]: [GET] /assets/js/login.js - CSRF token set
2024-10-06 15:44:22 [INFO]: [GET] /assets/js/reset_password.js - CSRF token set
2024-10-06 15:44:23 [INFO]: [GET] /serviceWorker.js - CSRF token set
2024-10-06 15:44:23 [INFO]: [GET] /serviceWorker.js - CSRF token added to response.
2024-10-06 15:44:28 [INFO]: [POST] /auth/login - CSRF token set
2024-10-06 15:44:28 [INFO]: Login attempt for user: testuser00
2024-10-06 15:44:29 [INFO]: [GET] /dashboard - CSRF token set
2024-10-06 15:44:29 [INFO]: [GET] /dashboard - Serving dashboard.html
2024-10-06 15:44:29 [INFO]: [GET] /assets/css/style.css - CSRF token set
2024-10-06 15:44:29 [INFO]: [GET] /assets/css/style.css - CSRF token added to response.
2024-10-06 15:44:29 [INFO]: [GET] /assets/js/dashboard.js - CSRF token set
2024-10-06 15:44:31 [INFO]: [GET] /serviceWorker.js - CSRF token set
2024-10-06 15:44:31 [INFO]: [GET] /serviceWorker.js - CSRF token added to response.
2024-10-06 15:44:31 [INFO]: [GET] /auth/login - CSRF token set
2024-10-06 15:44:31 [INFO]: [GET] /auth/login - Serving login.html
2024-10-06 15:44:31 [INFO]: [GET] /assets/js/login.js - CSRF token set
2024-10-06 15:44:31 [INFO]: [GET] /assets/js/reset_password.js - CSRF token set
2024-10-06 15:44:32 [INFO]: [GET] /serviceWorker.js - CSRF token set
2024-10-06 15:44:32 [INFO]: [GET] /serviceWorker.js - CSRF token added to response.
2024-10-06 15:44:33 [INFO]: [POST] /auth/login - CSRF token set
2024-10-06 15:44:33 [INFO]: Login attempt for user: alex
2024-10-06 15:44:35 [INFO]: [POST] /auth/login - CSRF token set
2024-10-06 15:44:35 [INFO]: Login attempt for user: alex404hm
2024-10-06 15:44:38 [INFO]: [POST] /auth/login - CSRF token set
2024-10-06 15:44:38 [INFO]: Login attempt for user: testuser00
2024-10-06 15:44:40 [INFO]: [GET] /dashboard - CSRF token set
2024-10-06 15:44:40 [INFO]: [GET] /dashboard - Serving dashboard.html
2024-10-06 15:44:40 [INFO]: [GET] /assets/css/style.css - CSRF token set
2024-10-06 15:44:40 [INFO]: [GET] /assets/css/style.css - CSRF token added to response.
2024-10-06 15:44:40 [INFO]: [GET] /assets/js/dashboard.js - CSRF token set
2024-10-06 15:44:41 [INFO]: [GET] /serviceWorker.js - CSRF token set
2024-10-06 15:44:41 [INFO]: [GET] /serviceWorker.js - CSRF token added to response.
2024-10-06 15:44:51 [INFO]: [GET] /auth/login - CSRF token set
2024-10-06 15:44:51 [INFO]: [GET] /auth/login - Serving login.html
2024-10-06 15:44:51 [INFO]: [GET] /assets/js/login.js - CSRF token set
2024-10-06 15:44:51 [INFO]: [GET] /assets/js/reset_password.js - CSRF token set
2024-10-06 15:44:51 [INFO]: [GET] /auth/login - CSRF token set
2024-10-06 15:44:51 [INFO]: [GET] /auth/login - Serving login.html
2024-10-06 15:44:51 [INFO]: [GET] /assets/js/login.js - CSRF token set
2024-10-06 15:44:51 [INFO]: [GET] /assets/js/reset_password.js - CSRF token set
2024-10-06 15:44:51 [INFO]: [GET] /auth/login - CSRF token set
2024-10-06 15:44:51 [INFO]: [GET] /auth/login - Serving login.html
2024-10-06 15:44:51 [INFO]: [GET] /assets/js/login.js - CSRF token set
2024-10-06 15:44:51 [INFO]: [GET] /assets/js/reset_password.js - CSRF token set
2024-10-06 15:44:53 [INFO]: [GET] /serviceWorker.js - CSRF token set
2024-10-06 15:44:53 [INFO]: [GET] /serviceWorker.js - CSRF token added to response.
2024-10-06 15:44:53 [INFO]: [POST] /auth/login - CSRF token set
2024-10-06 15:44:53 [INFO]: Login attempt for user: 9
2024-10-06 15:44:56 [INFO]: [POST] /auth/login - CSRF token set
2024-10-06 15:44:56 [INFO]: Login attempt for user: alex404hm
2024-10-06 15:45:27 [INFO]: [GET] /serviceWorker.js - CSRF token set
2024-10-06 15:45:27 [INFO]: [GET] /serviceWorker.js - CSRF token added to response.
2024-10-06 15:45:49 [INFO]: [POST] /auth/login - CSRF token set
2024-10-06 15:45:49 [INFO]: Login attempt for user: alex404hm
2024-10-06 15:45:49 [INFO]: [GET] /auth/verify - CSRF token set
2024-10-06 15:45:49 [INFO]: [GET] /auth/verify - Serving verify.html
2024-10-06 15:45:49 [INFO]: [GET] /assets/js/verify.js - CSRF token set
2024-10-06 15:45:50 [INFO]: [GET] /serviceWorker.js - CSRF token set
2024-10-06 15:45:50 [INFO]: [GET] /serviceWorker.js - CSRF token added to response.
2024-10-06 15:46:06 [INFO]: [GET] /auth/login - CSRF token set
2024-10-06 15:46:06 [INFO]: [GET] /auth/login - Serving login.html
2024-10-06 15:46:06 [INFO]: [GET] /assets/js/reset_password.js - CSRF token set
2024-10-06 15:46:06 [INFO]: [GET] /assets/js/login.js - CSRF token set
2024-10-06 15:46:07 [INFO]: [GET] /serviceWorker.js - CSRF token set
2024-10-06 15:46:07 [INFO]: [GET] /serviceWorker.js - CSRF token added to response.
2024-10-06 15:46:38 [INFO]: [GET] /serviceWorker.js - CSRF token set
2024-10-06 15:46:38 [INFO]: [GET] /serviceWorker.js - CSRF token added to response.
2024-10-06 15:46:50 [INFO]: Server running on port 3000
2024-10-06 15:46:50 [INFO]: MongoDB connected successfully
2024-10-06 15:47:07 [INFO]: [GET] /auth/login - CSRF token set
2024-10-06 15:47:07 [INFO]: [GET] /auth/login - Serving login.html
2024-10-06 15:47:07 [INFO]: [GET] /assets/js/login.js - CSRF token set
2024-10-06 15:47:07 [INFO]: [GET] /assets/js/reset_password.js - CSRF token set
2024-10-06 15:47:09 [INFO]: [GET] /serviceWorker.js - CSRF token set
2024-10-06 15:47:09 [INFO]: [GET] /serviceWorker.js - CSRF token added to response.
2024-10-06 15:47:40 [INFO]: [GET] /serviceWorker.js - CSRF token set
2024-10-06 15:47:40 [INFO]: [GET] /serviceWorker.js - CSRF token added to response.
2024-10-06 15:48:22 [INFO]: Server running on port 3000
2024-10-06 15:48:22 [INFO]: MongoDB connected successfully
2024-10-06 15:48:41 [INFO]: Server running on port 3000
2024-10-06 15:48:41 [INFO]: MongoDB connected successfully
2024-10-06 15:48:50 [INFO]: Server running on port 3000
2024-10-06 15:48:50 [INFO]: MongoDB connected successfully
2024-10-06 15:48:55 [INFO]: Server running on port 3000
2024-10-06 15:48:55 [INFO]: MongoDB connected successfully
2024-10-06 15:49:06 [INFO]: Server running on port 3000
2024-10-06 15:49:06 [INFO]: [GET] /serviceWorker.js - CSRF token set
2024-10-06 15:49:06 [INFO]: [GET] /serviceWorker.js - CSRF token added to response.
2024-10-06 15:49:06 [INFO]: MongoDB connected successfully
2024-10-06 15:49:23 [INFO]: [GET] /dashboard - CSRF token set
2024-10-06 15:49:23 [INFO]: [GET] /dashboard - Serving dashboard.html
2024-10-06 15:49:23 [INFO]: [GET] /assets/css/style.css - CSRF token set
2024-10-06 15:49:23 [INFO]: [GET] /assets/css/style.css - CSRF token added to response.
2024-10-06 15:49:23 [INFO]: [GET] /assets/js/dashboard.js - CSRF token set
2024-10-06 15:49:25 [INFO]: [GET] /serviceWorker.js - CSRF token set
2024-10-06 15:49:25 [INFO]: [GET] /serviceWorker.js - CSRF token added to response.
2024-10-06 15:49:56 [INFO]: [GET] /serviceWorker.js - CSRF token set
2024-10-06 15:49:56 [INFO]: [GET] /serviceWorker.js - CSRF token added to response.
2024-10-06 15:50:02 [INFO]: Server running on port 3000
2024-10-06 15:50:02 [INFO]: MongoDB connected successfully
2024-10-06 15:50:09 [INFO]: Server running on port 3000
2024-10-06 15:50:09 [INFO]: MongoDB connected successfully
2024-10-06 15:50:16 [INFO]: Server running on port 3000
2024-10-06 15:50:16 [INFO]: MongoDB connected successfully
2024-10-06 15:50:26 [INFO]: Server running on port 3000
2024-10-06 15:50:26 [INFO]: MongoDB connected successfully
2024-10-06 15:50:36 [INFO]: Server running on port 3000
2024-10-06 15:50:36 [INFO]: MongoDB connected successfully
2024-10-06 15:53:01 [ERROR]: ForbiddenError: invalid csrf token
    at csrf (/Users/alexanderholm/Documents/chatUI/final/backend/node_modules/csurf/index.js:112:19)
    at Layer.handle [as handle_request] (/Users/alexanderholm/Documents/chatUI/final/backend/node_modules/express/lib/router/layer.js:95:5)
    at trim_prefix (/Users/alexanderholm/Documents/chatUI/final/backend/node_modules/express/lib/router/index.js:328:13)
    at /Users/alexanderholm/Documents/chatUI/final/backend/node_modules/express/lib/router/index.js:286:9
    at Function.process_params (/Users/alexanderholm/Documents/chatUI/final/backend/node_modules/express/lib/router/index.js:346:12)
    at next (/Users/alexanderholm/Documents/chatUI/final/backend/node_modules/express/lib/router/index.js:280:10)
    at cors (/Users/alexanderholm/Documents/chatUI/final/backend/node_modules/cors/lib/index.js:188:7)
    at /Users/alexanderholm/Documents/chatUI/final/backend/node_modules/cors/lib/index.js:224:17
    at originCallback (/Users/alexanderholm/Documents/chatUI/final/backend/node_modules/cors/lib/index.js:214:15)
    at /Users/alexanderholm/Documents/chatUI/final/backend/node_modules/cors/lib/index.js:219:13
2024-10-06 15:53:18 [ERROR]: ForbiddenError: invalid csrf token
    at csrf (/Users/alexanderholm/Documents/chatUI/final/backend/node_modules/csurf/index.js:112:19)
    at Layer.handle [as handle_request] (/Users/alexanderholm/Documents/chatUI/final/backend/node_modules/express/lib/router/layer.js:95:5)
    at trim_prefix (/Users/alexanderholm/Documents/chatUI/final/backend/node_modules/express/lib/router/index.js:328:13)
    at /Users/alexanderholm/Documents/chatUI/final/backend/node_modules/express/lib/router/index.js:286:9
    at Function.process_params (/Users/alexanderholm/Documents/chatUI/final/backend/node_modules/express/lib/router/index.js:346:12)
    at next (/Users/alexanderholm/Documents/chatUI/final/backend/node_modules/express/lib/router/index.js:280:10)
    at cors (/Users/alexanderholm/Documents/chatUI/final/backend/node_modules/cors/lib/index.js:188:7)
    at /Users/alexanderholm/Documents/chatUI/final/backend/node_modules/cors/lib/index.js:224:17
    at originCallback (/Users/alexanderholm/Documents/chatUI/final/backend/node_modules/cors/lib/index.js:214:15)
    at /Users/alexanderholm/Documents/chatUI/final/backend/node_modules/cors/lib/index.js:219:13
2024-10-06 15:53:22 [ERROR]: ForbiddenError: invalid csrf token
    at csrf (/Users/alexanderholm/Documents/chatUI/final/backend/node_modules/csurf/index.js:112:19)
    at Layer.handle [as handle_request] (/Users/alexanderholm/Documents/chatUI/final/backend/node_modules/express/lib/router/layer.js:95:5)
    at trim_prefix (/Users/alexanderholm/Documents/chatUI/final/backend/node_modules/express/lib/router/index.js:328:13)
    at /Users/alexanderholm/Documents/chatUI/final/backend/node_modules/express/lib/router/index.js:286:9
    at Function.process_params (/Users/alexanderholm/Documents/chatUI/final/backend/node_modules/express/lib/router/index.js:346:12)
    at next (/Users/alexanderholm/Documents/chatUI/final/backend/node_modules/express/lib/router/index.js:280:10)
    at cors (/Users/alexanderholm/Documents/chatUI/final/backend/node_modules/cors/lib/index.js:188:7)
    at /Users/alexanderholm/Documents/chatUI/final/backend/node_modules/cors/lib/index.js:224:17
    at originCallback (/Users/alexanderholm/Documents/chatUI/final/backend/node_modules/cors/lib/index.js:214:15)
    at /Users/alexanderholm/Documents/chatUI/final/backend/node_modules/cors/lib/index.js:219:13
2024-10-06 15:53:22 [ERROR]: ForbiddenError: invalid csrf token
    at csrf (/Users/alexanderholm/Documents/chatUI/final/backend/node_modules/csurf/index.js:112:19)
    at Layer.handle [as handle_request] (/Users/alexanderholm/Documents/chatUI/final/backend/node_modules/express/lib/router/layer.js:95:5)
    at trim_prefix (/Users/alexanderholm/Documents/chatUI/final/backend/node_modules/express/lib/router/index.js:328:13)
    at /Users/alexanderholm/Documents/chatUI/final/backend/node_modules/express/lib/router/index.js:286:9
    at Function.process_params (/Users/alexanderholm/Documents/chatUI/final/backend/node_modules/express/lib/router/index.js:346:12)
    at next (/Users/alexanderholm/Documents/chatUI/final/backend/node_modules/express/lib/router/index.js:280:10)
    at cors (/Users/alexanderholm/Documents/chatUI/final/backend/node_modules/cors/lib/index.js:188:7)
    at /Users/alexanderholm/Documents/chatUI/final/backend/node_modules/cors/lib/index.js:224:17
    at originCallback (/Users/alexanderholm/Documents/chatUI/final/backend/node_modules/cors/lib/index.js:214:15)
    at /Users/alexanderholm/Documents/chatUI/final/backend/node_modules/cors/lib/index.js:219:13
2024-10-06 15:53:25 [ERROR]: ForbiddenError: invalid csrf token
    at csrf (/Users/alexanderholm/Documents/chatUI/final/backend/node_modules/csurf/index.js:112:19)
    at Layer.handle [as handle_request] (/Users/alexanderholm/Documents/chatUI/final/backend/node_modules/express/lib/router/layer.js:95:5)
    at trim_prefix (/Users/alexanderholm/Documents/chatUI/final/backend/node_modules/express/lib/router/index.js:328:13)
    at /Users/alexanderholm/Documents/chatUI/final/backend/node_modules/express/lib/router/index.js:286:9
    at Function.process_params (/Users/alexanderholm/Documents/chatUI/final/backend/node_modules/express/lib/router/index.js:346:12)
    at next (/Users/alexanderholm/Documents/chatUI/final/backend/node_modules/express/lib/router/index.js:280:10)
    at cors (/Users/alexanderholm/Documents/chatUI/final/backend/node_modules/cors/lib/index.js:188:7)
    at /Users/alexanderholm/Documents/chatUI/final/backend/node_modules/cors/lib/index.js:224:17
    at originCallback (/Users/alexanderholm/Documents/chatUI/final/backend/node_modules/cors/lib/index.js:214:15)
    at /Users/alexanderholm/Documents/chatUI/final/backend/node_modules/cors/lib/index.js:219:13
2024-10-06 15:53:26 [ERROR]: ForbiddenError: invalid csrf token
    at csrf (/Users/alexanderholm/Documents/chatUI/final/backend/node_modules/csurf/index.js:112:19)
    at Layer.handle [as handle_request] (/Users/alexanderholm/Documents/chatUI/final/backend/node_modules/express/lib/router/layer.js:95:5)
    at trim_prefix (/Users/alexanderholm/Documents/chatUI/final/backend/node_modules/express/lib/router/index.js:328:13)
    at /Users/alexanderholm/Documents/chatUI/final/backend/node_modules/express/lib/router/index.js:286:9
    at Function.process_params (/Users/alexanderholm/Documents/chatUI/final/backend/node_modules/express/lib/router/index.js:346:12)
    at next (/Users/alexanderholm/Documents/chatUI/final/backend/node_modules/express/lib/router/index.js:280:10)
    at cors (/Users/alexanderholm/Documents/chatUI/final/backend/node_modules/cors/lib/index.js:188:7)
    at /Users/alexanderholm/Documents/chatUI/final/backend/node_modules/cors/lib/index.js:224:17
    at originCallback (/Users/alexanderholm/Documents/chatUI/final/backend/node_modules/cors/lib/index.js:214:15)
    at /Users/alexanderholm/Documents/chatUI/final/backend/node_modules/cors/lib/index.js:219:13
2024-10-06 15:53:26 [ERROR]: ForbiddenError: invalid csrf token
    at csrf (/Users/alexanderholm/Documents/chatUI/final/backend/node_modules/csurf/index.js:112:19)
    at Layer.handle [as handle_request] (/Users/alexanderholm/Documents/chatUI/final/backend/node_modules/express/lib/router/layer.js:95:5)
    at trim_prefix (/Users/alexanderholm/Documents/chatUI/final/backend/node_modules/express/lib/router/index.js:328:13)
    at /Users/alexanderholm/Documents/chatUI/final/backend/node_modules/express/lib/router/index.js:286:9
    at Function.process_params (/Users/alexanderholm/Documents/chatUI/final/backend/node_modules/express/lib/router/index.js:346:12)
    at next (/Users/alexanderholm/Documents/chatUI/final/backend/node_modules/express/lib/router/index.js:280:10)
    at cors (/Users/alexanderholm/Documents/chatUI/final/backend/node_modules/cors/lib/index.js:188:7)
    at /Users/alexanderholm/Documents/chatUI/final/backend/node_modules/cors/lib/index.js:224:17
    at originCallback (/Users/alexanderholm/Documents/chatUI/final/backend/node_modules/cors/lib/index.js:214:15)
    at /Users/alexanderholm/Documents/chatUI/final/backend/node_modules/cors/lib/index.js:219:13
2024-10-06 15:53:27 [ERROR]: ForbiddenError: invalid csrf token
    at csrf (/Users/alexanderholm/Documents/chatUI/final/backend/node_modules/csurf/index.js:112:19)
    at Layer.handle [as handle_request] (/Users/alexanderholm/Documents/chatUI/final/backend/node_modules/express/lib/router/layer.js:95:5)
    at trim_prefix (/Users/alexanderholm/Documents/chatUI/final/backend/node_modules/express/lib/router/index.js:328:13)
    at /Users/alexanderholm/Documents/chatUI/final/backend/node_modules/express/lib/router/index.js:286:9
    at Function.process_params (/Users/alexanderholm/Documents/chatUI/final/backend/node_modules/express/lib/router/index.js:346:12)
    at next (/Users/alexanderholm/Documents/chatUI/final/backend/node_modules/express/lib/router/index.js:280:10)
    at cors (/Users/alexanderholm/Documents/chatUI/final/backend/node_modules/cors/lib/index.js:188:7)
    at /Users/alexanderholm/Documents/chatUI/final/backend/node_modules/cors/lib/index.js:224:17
    at originCallback (/Users/alexanderholm/Documents/chatUI/final/backend/node_modules/cors/lib/index.js:214:15)
    at /Users/alexanderholm/Documents/chatUI/final/backend/node_modules/cors/lib/index.js:219:13
2024-10-06 15:53:31 [INFO]: Server running on port 3000
2024-10-06 15:53:31 [INFO]: MongoDB connected successfully
2024-10-06 15:53:31 [ERROR]: ForbiddenError: invalid csrf token
    at csrf (/Users/alexanderholm/Documents/chatUI/final/backend/node_modules/csurf/index.js:112:19)
    at Layer.handle [as handle_request] (/Users/alexanderholm/Documents/chatUI/final/backend/node_modules/express/lib/router/layer.js:95:5)
    at trim_prefix (/Users/alexanderholm/Documents/chatUI/final/backend/node_modules/express/lib/router/index.js:328:13)
    at /Users/alexanderholm/Documents/chatUI/final/backend/node_modules/express/lib/router/index.js:286:9
    at Function.process_params (/Users/alexanderholm/Documents/chatUI/final/backend/node_modules/express/lib/router/index.js:346:12)
    at next (/Users/alexanderholm/Documents/chatUI/final/backend/node_modules/express/lib/router/index.js:280:10)
    at cors (/Users/alexanderholm/Documents/chatUI/final/backend/node_modules/cors/lib/index.js:188:7)
    at /Users/alexanderholm/Documents/chatUI/final/backend/node_modules/cors/lib/index.js:224:17
    at originCallback (/Users/alexanderholm/Documents/chatUI/final/backend/node_modules/cors/lib/index.js:214:15)
    at /Users/alexanderholm/Documents/chatUI/final/backend/node_modules/cors/lib/index.js:219:13
2024-10-06 15:53:53 [INFO]: Server running on port 3000
2024-10-06 15:53:53 [INFO]: MongoDB connected successfully
2024-10-06 15:55:04 [INFO]: Server running on port 3000
2024-10-06 15:55:04 [INFO]: MongoDB connected successfully
2024-10-06 15:55:06 [INFO]: Server running on port 3000
2024-10-06 15:55:06 [INFO]: MongoDB connected successfully
2024-10-06 15:55:12 [INFO]: Server running on port 3000
2024-10-06 15:55:12 [INFO]: MongoDB connected successfully
2024-10-06 15:55:12 [INFO]: Server running on port 3000
2024-10-06 15:55:12 [INFO]: MongoDB connected successfully
2024-10-06 15:55:35 [INFO]: Server running on port 3000
2024-10-06 15:55:35 [INFO]: MongoDB connected successfully
2024-10-06 15:55:36 [INFO]: Server running on port 3000
2024-10-06 15:55:36 [INFO]: MongoDB connected successfully
2024-10-06 15:55:49 [INFO]: Server running on port 3000
2024-10-06 15:55:49 [INFO]: MongoDB connected successfully
2024-10-06 15:55:52 [INFO]: Server running on port 3000
2024-10-06 15:55:52 [INFO]: MongoDB connected successfully
2024-10-06 15:56:05 [INFO]: Server running on port 3000
2024-10-06 15:56:05 [INFO]: MongoDB connected successfully
2024-10-06 15:56:09 [INFO]: Server running on port 3000
2024-10-06 15:56:09 [INFO]: MongoDB connected successfully
2024-10-06 15:56:15 [INFO]: Server running on port 3000
2024-10-06 15:56:15 [INFO]: MongoDB connected successfully
2024-10-06 15:56:28 [INFO]: Server running on port 3000
2024-10-06 15:56:28 [INFO]: MongoDB connected successfully
2024-10-06 15:57:15 [INFO]: MongoDB connected successfully
2024-10-06 15:57:19 [INFO]: Server running on port 3000
2024-10-06 15:57:19 [INFO]: MongoDB connected successfully
2024-10-06 15:57:21 [INFO]: MongoDB connected successfully
2024-10-06 15:57:26 [INFO]: MongoDB connected successfully
2024-10-06 15:57:30 [INFO]: Server running on port 3000
2024-10-06 15:57:30 [INFO]: MongoDB connected successfully
2024-10-06 15:57:36 [INFO]: Server running on port 3000
2024-10-06 15:57:36 [INFO]: MongoDB connected successfully
2024-10-06 15:57:39 [INFO]: Server running on port 3000
2024-10-06 15:57:39 [INFO]: MongoDB connected successfully
2024-10-06 15:57:45 [INFO]: Server running on port 3000
2024-10-06 15:57:45 [INFO]: MongoDB connected successfully
2024-10-06 15:57:49 [INFO]: Server running on port 3000
2024-10-06 15:57:49 [INFO]: MongoDB connected successfully
2024-10-06 15:58:24 [INFO]: Server running on port 3000
2024-10-06 15:58:24 [INFO]: MongoDB connected successfully
2024-10-06 15:59:05 [INFO]: Server running on port 3000
2024-10-06 15:59:05 [INFO]: MongoDB connected successfully
2024-10-06 15:59:14 [INFO]: Server running on port 3000
2024-10-06 15:59:15 [INFO]: MongoDB connected successfully
2024-10-06 15:59:19 [INFO]: Server running on port 3000
2024-10-06 15:59:19 [INFO]: MongoDB connected successfully
2024-10-06 15:59:25 [INFO]: MongoDB connected successfully
2024-10-06 15:59:31 [INFO]: Server running on port 3000
2024-10-06 15:59:31 [INFO]: MongoDB connected successfully
2024-10-06 15:59:33 [INFO]: Server running on port 3000
2024-10-06 15:59:34 [INFO]: MongoDB connected successfully
2024-10-06 15:59:34 [INFO]: [GET] / - CSRF token set
2024-10-06 15:59:34 [INFO]: [GET] / - CSRF token set
2024-10-06 15:59:34 [INFO]: [GET] / - CSRF token set
2024-10-06 15:59:34 [INFO]: [GET] /serviceWorker.js - CSRF token set
2024-10-06 15:59:34 [INFO]: [GET] /serviceWorker.js - CSRF token added to response.
2024-10-06 15:59:35 [INFO]: [GET] / - CSRF token set
2024-10-06 15:59:35 [INFO]: [GET] / - CSRF token set
2024-10-06 15:59:35 [INFO]: [GET] / - CSRF token set
2024-10-06 15:59:37 [INFO]: [GET] /serviceWorker.js - CSRF token set
2024-10-06 15:59:37 [INFO]: [GET] /serviceWorker.js - CSRF token added to response.
2024-10-06 15:59:42 [INFO]: [GET] / - CSRF token set
2024-10-06 15:59:43 [INFO]: [GET] / - CSRF token set
2024-10-06 15:59:43 [INFO]: Server running on port 3000
2024-10-06 15:59:43 [INFO]: MongoDB connected successfully
2024-10-06 16:00:27 [INFO]: Server running on port 3000
2024-10-06 16:00:27 [INFO]: MongoDB connected successfully
2024-10-06 16:00:36 [INFO]: Server running on port 3000
2024-10-06 16:00:36 [INFO]: MongoDB connected successfully
2024-10-06 16:00:49 [INFO]: Server running on port 3000
2024-10-06 16:00:49 [INFO]: MongoDB connected successfully
2024-10-06 16:01:08 [INFO]: Server running on port 3000
2024-10-06 16:01:08 [INFO]: MongoDB connected successfully
2024-10-06 16:01:11 [INFO]: Server running on port 3000
2024-10-06 16:01:12 [INFO]: MongoDB connected successfully
2024-10-06 16:01:23 [INFO]: Server running on port 3000
2024-10-06 16:01:23 [INFO]: MongoDB connected successfully
2024-10-06 16:01:26 [INFO]: Server running on port 3000
2024-10-06 16:01:26 [INFO]: MongoDB connected successfully
2024-10-06 16:02:07 [INFO]: Server running on port 3000
2024-10-06 16:02:08 [INFO]: MongoDB connected successfully
2024-10-06 16:02:11 [INFO]: Server running on port 3000
2024-10-06 16:02:11 [INFO]: MongoDB connected successfully
2024-10-06 16:02:24 [INFO]: Server running on port 3000
2024-10-06 16:02:25 [INFO]: MongoDB connected successfully
2024-10-06 16:02:27 [INFO]: MongoDB connection closed.
2024-10-06 16:02:27 [INFO]: Server running on port 3000
2024-10-06 16:02:28 [INFO]: MongoDB connected successfully
2024-10-06 16:03:34 [INFO]: Server running on port 3000
2024-10-06 16:03:34 [INFO]: MongoDB connected successfully
2024-10-06 16:04:45 [INFO]: Server running on port 3000
2024-10-06 16:04:45 [INFO]: MongoDB connected successfully
2024-10-06 16:05:49 [INFO]: Server running on port 3000
2024-10-06 16:05:49 [INFO]: MongoDB connected successfully
2024-10-06 16:07:13 [INFO]: Server running on port 3000
2024-10-06 16:07:14 [INFO]: MongoDB connected successfully
2024-10-06 16:07:15 [INFO]: Server running on port 3000
2024-10-06 16:07:16 [INFO]: MongoDB connected successfully
2024-10-06 16:07:45 [INFO]: Server running on port 3000
2024-10-06 16:07:45 [INFO]: MongoDB connected successfully
2024-10-06 16:08:03 [INFO]: Server running on port 3000
2024-10-06 16:08:04 [INFO]: MongoDB connected successfully
2024-10-06 16:10:31 [INFO]: Server running on port 3000
2024-10-06 16:10:31 [INFO]: MongoDB connected successfully
2024-10-06 16:10:35 [INFO]: Server running on port 3000
2024-10-06 16:10:36 [INFO]: MongoDB connected successfully
2024-10-06 16:10:38 [INFO]: Server running on port 3000
2024-10-06 16:10:38 [INFO]: MongoDB connected successfully
2024-10-06 16:11:02 [INFO]: Server running on port 3000
2024-10-06 16:11:02 [INFO]: MongoDB connected successfully
2024-10-06 16:11:14 [INFO]: Server running on port 3000
2024-10-06 16:11:14 [INFO]: MongoDB connected successfully
2024-10-06 16:12:35 [INFO]: Server running on port 3000
2024-10-06 16:12:35 [INFO]: MongoDB connected successfully
2024-10-06 16:13:13 [INFO]: Server running on port 3000
2024-10-06 16:13:13 [INFO]: MongoDB connected successfully
2024-10-06 16:13:28 [INFO]: Server running on port 3000
2024-10-06 16:13:28 [INFO]: MongoDB connected successfully
2024-10-06 16:13:40 [INFO]: Server running on port 3000
2024-10-06 16:13:40 [INFO]: MongoDB connected successfully
2024-10-06 16:13:52 [INFO]: Server running on port 3000
2024-10-06 16:13:53 [INFO]: MongoDB connected successfully
2024-10-06 16:17:18 [INFO]: Server running on port 3000
2024-10-06 16:17:19 [INFO]: MongoDB connected successfully
2024-10-06 16:19:03 [INFO]: Server running on port 3000
2024-10-06 16:19:04 [INFO]: MongoDB connected successfully
2024-10-06 16:21:33 [INFO]: Server running on port 3000
2024-10-06 16:21:33 [INFO]: MongoDB connected successfully
2024-10-06 16:22:12 [INFO]: Server running on port 3000
2024-10-06 16:22:12 [INFO]: MongoDB connected successfully
2024-10-06 16:23:10 [INFO]: Server running on port 3000
2024-10-06 16:23:11 [INFO]: MongoDB connected successfully
2024-10-06 16:23:31 [INFO]: Server running on port 3000
2024-10-06 16:23:31 [INFO]: MongoDB connected successfully
2024-10-06 16:24:44 [INFO]: Server running on port 3000
2024-10-06 16:24:44 [INFO]: MongoDB connected successfully
2024-10-06 16:26:23 [INFO]: Server running on port 3000
2024-10-06 16:26:24 [INFO]: MongoDB connected successfully
2024-10-06 16:26:40 [INFO]: Server running on port 3000
2024-10-06 16:26:40 [INFO]: MongoDB connected successfully
2024-10-06 16:26:41 [INFO]: Server running on port 3000
2024-10-06 16:26:41 [INFO]: MongoDB connected successfully
2024-10-06 16:26:45 [INFO]: Server running on port 3000
2024-10-06 16:26:45 [INFO]: MongoDB connected successfully
2024-10-06 16:26:55 [INFO]: Server running on port 3000
2024-10-06 16:26:55 [INFO]: MongoDB connected successfully
2024-10-06 16:28:04 [INFO]: Server running on port 3000
2024-10-06 16:28:05 [INFO]: MongoDB connected successfully
2024-10-06 16:28:06 [INFO]: Server running on port 3000
2024-10-06 16:28:06 [INFO]: MongoDB connected successfully
2024-10-06 16:28:13 [INFO]: Server running on port 3000
2024-10-06 16:28:13 [INFO]: MongoDB connected successfully
2024-10-06 16:28:59 [INFO]: Server running on port 3000
2024-10-06 16:28:59 [INFO]: MongoDB connected successfully
2024-10-06 16:29:01 [INFO]: Server running on port 3000
2024-10-06 16:29:02 [INFO]: MongoDB connected successfully
2024-10-06 16:29:09 [INFO]: Server running on port 3000
2024-10-06 16:29:09 [INFO]: MongoDB connected successfully
2024-10-06 16:31:10 [INFO]: Server running on port 3000
2024-10-06 16:31:10 [INFO]: MongoDB connected successfully
2024-10-06 16:31:11 [INFO]: Server running on port 3000
2024-10-06 16:31:11 [INFO]: MongoDB connected successfully
2024-10-06 16:31:46 [INFO]: Server running on port 3000
2024-10-06 16:31:46 [INFO]: MongoDB connected successfully
2024-10-06 16:32:17 [INFO]: Server running on port 3000
2024-10-06 16:32:18 [INFO]: MongoDB connected successfully
2024-10-06 16:32:25 [INFO]: Server running on port 3000
2024-10-06 16:32:26 [INFO]: MongoDB connected successfully
2024-10-06 16:32:41 [INFO]: MongoDB connection closed.
2024-10-06 16:32:44 [INFO]: Server running on port 3000
2024-10-06 16:32:44 [INFO]: MongoDB connected successfully
2024-10-06 16:33:25 [INFO]: Server running on port 3000
2024-10-06 16:33:26 [INFO]: MongoDB connected successfully
2024-10-06 16:33:43 [INFO]: Server running on port 3000
2024-10-06 16:33:43 [INFO]: MongoDB connected successfully
2024-10-06 16:35:35 [INFO]: Server running on port 3000
2024-10-06 16:35:36 [INFO]: MongoDB connected successfully
2024-10-06 16:36:33 [INFO]: Server running on port 3000
2024-10-06 16:36:33 [INFO]: MongoDB connected successfully
2024-10-06 16:40:41 [INFO]: Server running on port 3000
2024-10-06 16:40:41 [INFO]: MongoDB connected successfully
2024-10-06 16:40:52 [INFO]: Server running on port 3000
2024-10-06 16:40:52 [INFO]: MongoDB connected successfully
2024-10-06 16:44:37 [INFO]: Server running on port 3000
2024-10-06 16:44:37 [INFO]: MongoDB connected successfully
2024-10-06 16:48:30 [INFO]: MongoDB connection closed.
2024-10-06 16:48:32 [INFO]: Server running on port 3000
2024-10-06 16:48:32 [INFO]: MongoDB connected successfully
2024-10-06 16:48:33 [INFO]: MongoDB connection closed.
2024-10-06 16:48:35 [INFO]: Server running on port 3000
2024-10-06 16:48:35 [INFO]: MongoDB connected successfully
2024-10-06 16:49:05 [INFO]: Server running on port 3000
2024-10-06 16:49:06 [INFO]: MongoDB connected successfully
2024-10-06 16:49:16 [INFO]: Server running on port 3000
2024-10-06 16:49:16 [INFO]: MongoDB connected successfully
2024-10-06 16:51:17 [INFO]: Server running on port 3000
2024-10-06 16:51:18 [INFO]: MongoDB connected successfully
2024-10-06 16:51:22 [INFO]: Server running on port 3000
2024-10-06 16:51:23 [INFO]: MongoDB connected successfully
2024-10-06 16:51:24 [INFO]: Server running on port 3000
2024-10-06 16:51:24 [INFO]: MongoDB connected successfully
2024-10-06 16:51:28 [INFO]: Server running on port 3000
2024-10-06 16:51:28 [INFO]: MongoDB connected successfully
2024-10-06 16:51:32 [INFO]: Server running on port 3000
2024-10-06 16:51:33 [INFO]: MongoDB connected successfully
2024-10-06 16:52:45 [INFO]: Server running on port 3000
2024-10-06 16:52:45 [INFO]: MongoDB connected successfully
2024-10-06 16:53:13 [INFO]: Server running on port 3000
2024-10-06 16:53:13 [INFO]: MongoDB connected successfully
2024-10-06 16:58:04 [INFO]: Server running on port 3000
2024-10-06 16:58:05 [INFO]: MongoDB connected successfully
2024-10-06 16:58:11 [INFO]: Server running on port 3000
2024-10-06 16:58:11 [INFO]: MongoDB connected successfully
2024-10-06 16:58:15 [INFO]: Server running on port 3000
2024-10-06 16:58:15 [INFO]: MongoDB connected successfully
2024-10-06 16:58:55 [INFO]: Server running on port 3000
2024-10-06 16:58:55 [INFO]: MongoDB connected successfully
2024-10-06 16:58:58 [INFO]: Server running on port 3000
2024-10-06 16:58:58 [INFO]: MongoDB connected successfully
2024-10-06 16:59:24 [INFO]: Server running on port 3000
2024-10-06 16:59:25 [INFO]: MongoDB connected successfully
2024-10-06 17:00:00 [INFO]: Server running on port 3000
2024-10-06 17:00:01 [INFO]: MongoDB connected successfully
2024-10-06 17:00:03 [INFO]: Server running on port 3000
2024-10-06 17:00:03 [INFO]: MongoDB connected successfully
2024-10-06 17:00:19 [INFO]: Server running on port 3000
2024-10-06 17:00:20 [INFO]: MongoDB connected successfully
2024-10-06 17:02:29 [INFO]: Server running on port 3000
2024-10-06 17:02:29 [INFO]: MongoDB connected successfully
2024-10-06 17:02:33 [INFO]: Server running on port 3000
2024-10-06 17:02:33 [INFO]: MongoDB connected successfully
2024-10-06 17:02:34 [INFO]: Server running on port 3000
2024-10-06 17:02:35 [INFO]: MongoDB connected successfully
2024-10-06 17:02:52 [INFO]: Server running on port 3000
2024-10-06 17:02:52 [INFO]: MongoDB connected successfully
2024-10-06 17:02:55 [INFO]: MongoDB connection closed.
2024-10-06 17:02:55 [INFO]: Server running on port 3000
2024-10-06 17:02:56 [INFO]: MongoDB connected successfully
2024-10-06 17:02:59 [INFO]: MongoDB connection closed.
2024-10-06 17:02:59 [INFO]: Server running on port 3000
2024-10-06 17:03:00 [INFO]: MongoDB connected successfully
2024-10-06 17:04:14 [INFO]: Server running on port 3000
2024-10-06 17:04:14 [INFO]: MongoDB connected successfully
2024-10-06 17:05:38 [INFO]: Server running on port 3000
2024-10-06 17:05:39 [INFO]: MongoDB connected successfully
2024-10-06 17:12:23 [INFO]: Server running on port 3000
2024-10-06 17:12:23 [INFO]: MongoDB connected successfully
2024-10-06 17:15:13 [INFO]: Server running on port 3000
2024-10-06 17:15:14 [INFO]: MongoDB connected successfully
2024-10-06 17:15:55 [INFO]: Server running on port 3000
2024-10-06 17:15:55 [INFO]: MongoDB connected successfully
2024-10-06 17:17:07 [INFO]: Server running on port 3000
2024-10-06 17:17:08 [INFO]: MongoDB connected successfully
2024-10-06 17:17:11 [INFO]: Server running on port 3000
2024-10-06 17:17:11 [INFO]: MongoDB connected successfully
2024-10-06 17:17:12 [INFO]: Server running on port 3000
2024-10-06 17:17:12 [INFO]: MongoDB connected successfully
2024-10-06 17:17:16 [INFO]: MongoDB connection closed.
2024-10-06 17:17:18 [INFO]: Server running on port 3000
2024-10-06 17:17:19 [INFO]: MongoDB connected successfully
2024-10-06 17:17:36 [INFO]: Server running on port 3000
2024-10-06 17:17:36 [INFO]: MongoDB connected successfully
2024-10-06 17:18:11 [INFO]: MongoDB connection closed.
2024-10-06 17:18:23 [INFO]: Server running on port 3000
2024-10-06 17:18:23 [INFO]: MongoDB connected successfully
2024-10-06 17:18:34 [INFO]: Server running on port 3000
2024-10-06 17:18:35 [INFO]: MongoDB connected successfully
2024-10-06 17:18:43 [INFO]: Server running on port 3000
2024-10-06 17:18:44 [INFO]: MongoDB connected successfully
2024-10-06 17:18:47 [INFO]: Server running on port 3000
2024-10-06 17:18:47 [INFO]: MongoDB connected successfully
2024-10-06 17:20:22 [INFO]: Server running on port 3000
2024-10-06 17:20:23 [INFO]: MongoDB connected successfully
2024-10-06 17:20:34 [INFO]: Server running on port 3000
2024-10-06 17:20:34 [INFO]: MongoDB connected successfully
2024-10-06 17:22:36 [INFO]: Server running on port 3000
2024-10-06 17:22:37 [INFO]: MongoDB connected successfully
2024-10-06 17:23:23 [INFO]: Server running on port 3000
2024-10-06 17:23:23 [INFO]: MongoDB connected successfully
2024-10-06 17:25:04 [INFO]: Server running on port 3000
2024-10-06 17:25:05 [INFO]: MongoDB connected successfully
2024-10-06 17:25:50 [INFO]: Server running on port 3000
2024-10-06 17:25:50 [INFO]: MongoDB connected successfully
2024-10-06 17:26:27 [INFO]: Server running on port 3000
2024-10-06 17:26:27 [INFO]: MongoDB connected successfully
2024-10-06 17:27:11 [INFO]: Server running on port 3000
2024-10-06 17:27:11 [INFO]: MongoDB connected successfully
2024-10-06 17:27:14 [INFO]: Server running on port 3000
2024-10-06 17:27:14 [INFO]: MongoDB connected successfully
2024-10-06 17:27:38 [INFO]: Server running on port 3000
2024-10-06 17:27:38 [INFO]: MongoDB connected successfully
2024-10-06 17:27:39 [INFO]: Server running on port 3000
2024-10-06 17:27:39 [INFO]: MongoDB connected successfully
2024-10-06 17:29:04 [INFO]: Server running on port 3000
2024-10-06 17:29:05 [INFO]: MongoDB connected successfully
2024-10-06 17:29:07 [INFO]: Server running on port 3000
2024-10-06 17:29:07 [INFO]: MongoDB connected successfully
2024-10-06 17:30:50 [INFO]: Server running on port 3000
2024-10-06 17:30:51 [INFO]: MongoDB connected successfully
2024-10-06 17:31:15 [INFO]: Server running on port 3000
2024-10-06 17:31:16 [INFO]: MongoDB connected successfully
2024-10-06 17:31:18 [INFO]: Server running on port 3000
2024-10-06 17:31:18 [INFO]: MongoDB connected successfully
2024-10-06 17:31:20 [INFO]: Server running on port 3000
2024-10-06 17:31:20 [INFO]: MongoDB connected successfully
2024-10-06 17:33:46 [INFO]: Server running on port 3000
2024-10-06 17:33:47 [INFO]: MongoDB connected successfully
2024-10-06 17:33:49 [INFO]: Server running on port 3000
2024-10-06 17:33:49 [INFO]: MongoDB connected successfully
2024-10-06 17:39:08 [INFO]: Server running on port 3000
2024-10-06 17:39:09 [INFO]: MongoDB connected successfully
2024-10-06 17:39:22 [INFO]: Server running on port 3000
2024-10-06 17:39:23 [INFO]: MongoDB connected successfully
2024-10-06 17:39:25 [INFO]: Server running on port 3000
2024-10-06 17:39:25 [INFO]: MongoDB connected successfully
2024-10-06 17:42:40 [INFO]: Server running on port 3000
2024-10-06 17:42:40 [INFO]: MongoDB connected successfully
2024-10-06 17:45:53 [INFO]: Server running on port 3000
2024-10-06 17:45:54 [INFO]: MongoDB connected successfully
2024-10-06 17:45:54 [INFO]: Server running on port 3000
2024-10-06 17:45:54 [INFO]: MongoDB connected successfully
2024-10-06 17:46:00 [INFO]: Server running on port 3000
2024-10-06 17:46:00 [INFO]: MongoDB connected successfully
2024-10-06 17:46:02 [INFO]: Server running on port 3000
2024-10-06 17:46:02 [INFO]: MongoDB connected successfully
2024-10-06 17:46:07 [INFO]: Server running on port 3000
2024-10-06 17:46:07 [INFO]: MongoDB connected successfully
2024-10-06 17:46:39 [INFO]: Server running on port 3000
2024-10-06 17:46:39 [INFO]: MongoDB connected successfully
2024-10-06 17:46:41 [INFO]: Server running on port 3000
2024-10-06 17:46:41 [INFO]: MongoDB connected successfully
2024-10-06 17:46:43 [INFO]: Server running on port 3000
2024-10-06 17:46:43 [INFO]: MongoDB connected successfully
2024-10-06 17:47:00 [INFO]: Server running on port 3000
2024-10-06 17:47:01 [INFO]: MongoDB connected successfully
2024-10-06 17:47:05 [INFO]: Server running on port 3000
2024-10-06 17:47:06 [INFO]: MongoDB connected successfully
2024-10-06 17:47:07 [INFO]: Server running on port 3000
2024-10-06 17:47:07 [INFO]: MongoDB connected successfully
2024-10-06 17:47:21 [INFO]: Server running on port 3000
2024-10-06 17:47:21 [INFO]: MongoDB connected successfully
2024-10-06 17:49:03 [INFO]: Server running on port 3000
2024-10-06 17:49:03 [INFO]: MongoDB connected successfully
2024-10-06 17:49:05 [INFO]: Server running on port 3000
2024-10-06 17:49:05 [INFO]: MongoDB connected successfully
2024-10-06 17:49:19 [INFO]: Server running on port 3000
2024-10-06 17:49:19 [INFO]: MongoDB connected successfully
2024-10-06 17:50:08 [INFO]: Server running on port 3000
2024-10-06 17:50:08 [INFO]: MongoDB connected successfully
2024-10-06 17:50:45 [INFO]: Server running on port 3000
2024-10-06 17:50:46 [INFO]: MongoDB connected successfully
2024-10-06 17:51:49 [INFO]: Server running on port 3000
2024-10-06 17:51:50 [INFO]: MongoDB connected successfully
2024-10-06 17:52:26 [INFO]: Server running on port 3000
2024-10-06 17:52:27 [INFO]: MongoDB connected successfully
2024-10-06 17:53:38 [INFO]: Server running on port 3000
2024-10-06 17:53:38 [INFO]: MongoDB connected successfully
2024-10-06 17:54:06 [INFO]: Server running on port 3000
2024-10-06 17:54:07 [INFO]: MongoDB connected successfully
2024-10-06 17:54:09 [INFO]: Server running on port 3000
2024-10-06 17:54:10 [INFO]: MongoDB connected successfully
2024-10-06 17:54:28 [INFO]: Server running on port 3000
2024-10-06 17:54:29 [INFO]: MongoDB connected successfully
2024-10-06 17:54:49 [INFO]: Server running on port 3000
2024-10-06 17:54:49 [INFO]: MongoDB connected successfully
2024-10-06 17:55:29 [INFO]: Server running on port 3000
2024-10-06 17:55:30 [INFO]: MongoDB connected successfully
2024-10-06 17:55:31 [INFO]: Server running on port 3000
2024-10-06 17:55:31 [INFO]: MongoDB connected successfully
2024-10-06 17:55:45 [INFO]: Server running on port 3000
2024-10-06 17:55:46 [INFO]: MongoDB connected successfully
2024-10-06 17:55:57 [INFO]: Server running on port 3000
2024-10-06 17:55:57 [INFO]: MongoDB connected successfully
2024-10-06 17:57:41 [INFO]: Server running on port 3000
2024-10-06 17:57:41 [INFO]: Server running on port 3000
2024-10-06 17:57:42 [INFO]: MongoDB connected successfully
2024-10-06 17:57:43 [INFO]: Server running on port 3000
2024-10-06 17:57:43 [INFO]: MongoDB connected successfully
2024-10-06 17:57:53 [INFO]: Server running on port 3000
2024-10-06 17:57:53 [INFO]: MongoDB connected successfully
2024-10-06 17:58:15 [INFO]: Server running on port 3000
2024-10-06 17:58:15 [INFO]: MongoDB connected successfully
2024-10-06 17:58:27 [INFO]: Server running on port 3000
2024-10-06 17:58:27 [INFO]: MongoDB connected successfully
2024-10-06 17:58:31 [INFO]: Server running on port 3000
2024-10-06 17:58:31 [INFO]: MongoDB connected successfully
2024-10-06 17:58:54 [INFO]: Server running on port 3000
2024-10-06 17:58:54 [INFO]: MongoDB connected successfully
2024-10-06 17:59:44 [INFO]: Server running on port 3000
2024-10-06 17:59:44 [INFO]: MongoDB connected successfully
2024-10-06 17:59:49 [INFO]: Server running on port 3000
2024-10-06 17:59:49 [INFO]: MongoDB connected successfully
2024-10-06 17:59:54 [INFO]: Server running on port 3000
2024-10-06 17:59:54 [INFO]: MongoDB connected successfully
2024-10-06 17:59:57 [INFO]: Server running on port 3000
2024-10-06 17:59:57 [INFO]: MongoDB connected successfully
2024-10-06 18:00:01 [INFO]: Server running on port 3000
2024-10-06 18:00:02 [INFO]: MongoDB connected successfully
2024-10-06 18:00:05 [INFO]: Server running on port 3000
2024-10-06 18:00:05 [INFO]: MongoDB connected successfully
2024-10-06 18:04:36 [INFO]: Server running on port 3000
2024-10-06 18:04:37 [INFO]: MongoDB connected successfully
2024-10-06 18:43:08 [INFO]: Server running on port 3000
2024-10-06 18:43:09 [INFO]: MongoDB connected successfully
2024-10-06 18:43:23 [INFO]: Server running on port 3000
2024-10-06 18:43:23 [INFO]: MongoDB connected successfully
2024-10-06 18:43:25 [INFO]: Server running on port 3000
2024-10-06 18:43:25 [INFO]: MongoDB connected successfully
2024-10-06 18:44:52 [INFO]: Server running on port 3000
2024-10-06 18:44:52 [INFO]: MongoDB connected successfully
2024-10-06 18:45:16 [INFO]: Server running on port 3000
2024-10-06 18:45:16 [INFO]: MongoDB connected successfully
2024-10-06 18:49:13 [INFO]: Server running on port 3000
2024-10-06 18:49:14 [INFO]: MongoDB connected successfully
2024-10-06 19:03:37 [INFO]: Server running on port 3000
2024-10-06 19:03:38 [INFO]: MongoDB connected successfully
2024-10-06 19:03:39 [INFO]: Server running on port 3000
2024-10-06 19:03:40 [INFO]: MongoDB connected successfully
2024-10-06 19:03:44 [INFO]: Server running on port 3000
2024-10-06 19:03:44 [INFO]: MongoDB connected successfully
2024-10-06 19:03:49 [INFO]: Server running on port 3000
2024-10-06 19:03:50 [INFO]: MongoDB connected successfully
2024-10-06 19:04:00 [ERROR]: Unhandled Rejection at:
2024-10-06 19:04:19 [INFO]: Server running on port 3000
2024-10-06 19:04:20 [INFO]: MongoDB connected successfully
2024-10-06 19:04:22 [INFO]: MongoDB connection closed.
2024-10-06 19:04:24 [INFO]: Server running on port 3000
2024-10-06 19:04:24 [INFO]: MongoDB connected successfully
2024-10-06 19:04:26 [ERROR]: Unhandled Rejection at:
2024-10-06 19:04:54 [INFO]: Server running on port 3000
2024-10-06 19:04:54 [INFO]: MongoDB connected successfully
2024-10-06 19:04:55 [ERROR]: Unhandled Rejection at:
2024-10-06 19:05:02 [INFO]: Server running on port 3000
2024-10-06 19:05:03 [INFO]: MongoDB connected successfully
2024-10-06 19:05:18 [INFO]: Server running on port 3000
2024-10-06 19:05:18 [INFO]: MongoDB connected successfully
2024-10-06 19:05:31 [INFO]: Server running on port 3000
2024-10-06 19:05:31 [INFO]: MongoDB connected successfully
2024-10-06 19:05:32 [ERROR]: Unhandled Rejection at:
2024-10-06 19:05:33 [INFO]: Server running on port 3000
2024-10-06 19:05:33 [INFO]: MongoDB connected successfully
2024-10-06 19:05:34 [ERROR]: Unhandled Rejection at:
2024-10-06 19:05:38 [INFO]: Server running on port 3000
2024-10-06 19:05:39 [INFO]: MongoDB connected successfully
2024-10-06 19:05:39 [ERROR]: Unhandled Rejection at:
2024-10-06 19:05:48 [INFO]: Server running on port 3000
2024-10-06 19:05:48 [INFO]: MongoDB connected successfully
2024-10-06 19:05:49 [INFO]: Server running on port 3000
2024-10-06 19:05:49 [INFO]: MongoDB connected successfully
2024-10-06 19:05:53 [ERROR]: Unhandled Rejection at:
2024-10-06 19:06:07 [INFO]: Server running on port 3000
2024-10-06 19:06:07 [INFO]: MongoDB connected successfully
2024-10-06 19:06:17 [INFO]: Server running on port 3000
2024-10-06 19:06:18 [INFO]: MongoDB connected successfully
2024-10-06 19:06:23 [ERROR]: Unhandled Rejection at:
2024-10-06 19:08:14 [INFO]: Server running on port 3000
2024-10-06 19:08:15 [INFO]: MongoDB connected successfully
2024-10-06 19:08:20 [ERROR]: Unhandled Rejection at:
2024-10-06 19:08:21 [INFO]: Server running on port 3000
2024-10-06 19:08:21 [ERROR]: Unhandled Rejection at:
2024-10-06 19:08:33 [INFO]: Server running on port 3000
2024-10-06 19:08:34 [ERROR]: Unhandled Rejection at:
2024-10-06 19:08:41 [INFO]: Server running on port 3000
2024-10-06 19:08:42 [INFO]: MongoDB connected successfully
2024-10-06 19:08:42 [INFO]: Server running on port 3000
2024-10-06 19:08:43 [INFO]: MongoDB connected successfully
2024-10-06 19:08:45 [INFO]: Server running on port 3000
2024-10-06 19:08:45 [INFO]: MongoDB connected successfully
2024-10-06 19:08:49 [ERROR]: Unhandled Rejection at:
2024-10-06 19:09:52 [INFO]: Server running on port 3000
2024-10-06 19:09:52 [INFO]: MongoDB connected successfully
2024-10-06 19:09:55 [ERROR]: Unhandled Rejection at:
2024-10-06 19:10:02 [INFO]: Server running on port 3000
2024-10-06 19:10:03 [INFO]: MongoDB connected successfully
2024-10-06 19:10:08 [ERROR]: Unhandled Rejection at:
2024-10-06 19:10:11 [INFO]: Server running on port 3000
2024-10-06 19:10:11 [INFO]: MongoDB connected successfully
2024-10-06 19:11:07 [INFO]: Server running on port 3000
2024-10-06 19:11:07 [INFO]: MongoDB connected successfully
2024-10-06 19:11:18 [INFO]: Server running on port 3000
2024-10-06 19:11:18 [INFO]: MongoDB connected successfully
2024-10-06 19:11:28 [INFO]: Server running on port 3000
2024-10-06 19:11:28 [INFO]: MongoDB connected successfully
2024-10-06 19:11:32 [INFO]: Server running on port 3000
2024-10-06 19:11:32 [INFO]: MongoDB connected successfully
2024-10-06 19:12:09 [INFO]: Server running on port 3000
2024-10-06 19:12:09 [INFO]: MongoDB connected successfully
2024-10-06 19:12:11 [ERROR]: Unhandled Rejection at:
2024-10-06 19:12:31 [INFO]: Server running on port 3000
2024-10-06 19:12:31 [INFO]: MongoDB connected successfully
2024-10-06 19:12:33 [INFO]: Server running on port 3000
2024-10-06 19:12:33 [INFO]: MongoDB connected successfully
2024-10-06 19:12:41 [ERROR]: Unhandled Rejection at:
2024-10-06 19:12:42 [INFO]: Server running on port 3000
2024-10-06 19:12:43 [INFO]: MongoDB connected successfully
2024-10-06 19:12:44 [INFO]: Server running on port 3000
2024-10-06 19:12:45 [INFO]: MongoDB connected successfully
2024-10-06 19:12:56 [INFO]: Server running on port 3000
2024-10-06 19:12:56 [INFO]: MongoDB connected successfully
2024-10-06 19:13:08 [ERROR]: Unhandled Rejection at:
2024-10-06 19:13:17 [INFO]: Server running on port 3000
2024-10-06 19:13:17 [INFO]: MongoDB connected successfully
2024-10-06 19:13:33 [INFO]: Server running on port 3000
2024-10-06 19:13:33 [INFO]: MongoDB connected successfully
2024-10-06 19:14:05 [INFO]: Server running on port 3000
2024-10-06 19:14:05 [INFO]: MongoDB connected successfully
2024-10-06 19:14:08 [INFO]: Server running on port 3000
2024-10-06 19:14:08 [INFO]: MongoDB connected successfully
2024-10-06 19:15:25 [INFO]: Server running on port 3000
2024-10-06 19:15:25 [INFO]: MongoDB connected successfully
2024-10-06 19:15:44 [INFO]: Server running on port 3000
2024-10-06 19:15:44 [INFO]: MongoDB connected successfully
2024-10-06 19:16:06 [INFO]: Server running on port 3000
2024-10-06 19:16:06 [INFO]: MongoDB connected successfully
2024-10-06 19:16:39 [INFO]: Server running on port 3000
2024-10-06 19:16:39 [INFO]: MongoDB connected successfully
2024-10-06 19:17:04 [INFO]: Server running on port 3000
2024-10-06 19:17:05 [INFO]: MongoDB connected successfully
2024-10-06 19:17:36 [INFO]: Server running on port 3000
2024-10-06 19:17:37 [INFO]: MongoDB connected successfully
2024-10-06 19:18:48 [INFO]: Server running on port 3000
2024-10-06 19:18:49 [INFO]: MongoDB connected successfully
2024-10-06 19:21:31 [INFO]: Server running on port 3000
2024-10-06 19:21:32 [INFO]: MongoDB connected successfully
2024-10-06 19:21:34 [INFO]: Server running on port 3000
2024-10-06 19:21:34 [INFO]: MongoDB connected successfully
2024-10-06 19:22:03 [INFO]: Server running on port 3000
2024-10-06 19:22:03 [INFO]: MongoDB connected successfully
2024-10-06 19:22:05 [INFO]: Server running on port 3000
2024-10-06 19:22:05 [INFO]: MongoDB connected successfully
